---------------------------------------------------------------
[ 2019-06-17T08:35:31+08:00 ] 127.0.0.1 GET dscj.com/
[运行时间：0.231679s] [吞吐率：4.32req/s] [内存消耗：2,555.22kb] [文件加载：79]
[ info ] [ LANG ] C:\phpStudy\PHPTutorial\WWW\dscj\thinkphp\lang\zh-cn.php
[ info ] [ ROUTE ] array (
)
[ info ] [ HEADER ] array (
  'accept-language' => 'zh-CN,zh;q=0.9',
  'accept-encoding' => 'gzip, deflate',
  'accept' => 'text/html,application/xhtml+xml,application/xml;q=0.9,image/webp,image/apng,*/*;q=0.8',
  'user-agent' => 'Mozilla/5.0 (Windows NT 10.0; Win64; x64) AppleWebKit/537.36 (KHTML, like Gecko) Chrome/69.0.3497.100 Safari/537.36',
  'upgrade-insecure-requests' => '1',
  'connection' => 'close',
  'host' => 'dscj.com',
)
[ info ] [ PARAM ] array (
)
[ info ] [ DB ] INIT mysql
---------------------------------------------------------------
[ 2019-06-17T08:35:31+08:00 ] 127.0.0.1 GET dscj.com/admin/login.html
[运行时间：0.241780s] [吞吐率：4.14req/s] [内存消耗：2,770.06kb] [文件加载：77]
[ info ] [ LANG ] C:\phpStudy\PHPTutorial\WWW\dscj\thinkphp\lang\zh-cn.php
[ info ] [ ROUTE ] array (
)
[ info ] [ HEADER ] array (
  'cookie' => 'sa84b158a=unvvr69hvajmf1mc6e6n6lbjb1',
  'accept-language' => 'zh-CN,zh;q=0.9',
  'accept-encoding' => 'gzip, deflate',
  'accept' => 'text/html,application/xhtml+xml,application/xml;q=0.9,image/webp,image/apng,*/*;q=0.8',
  'user-agent' => 'Mozilla/5.0 (Windows NT 10.0; Win64; x64) AppleWebKit/537.36 (KHTML, like Gecko) Chrome/69.0.3497.100 Safari/537.36',
  'upgrade-insecure-requests' => '1',
  'connection' => 'close',
  'host' => 'dscj.com',
)
[ info ] [ PARAM ] array (
)
[ info ] [ DB ] INIT mysql
[ info ] [ VIEW ] C:\phpStudy\PHPTutorial\WWW\dscj\application\admin\view\login\index.html [ array (
  0 => 'classuri',
  1 => 'title',
) ]
