---------------------------------------------------------------
[ 2019-10-03T04:43:23+08:00 ] 47.101.201.46 GET app.ddxx159.com/
[运行时间：0.650391s] [吞吐率：1.54req/s] [内存消耗：3,055.46kb] [文件加载：79]
[ info ] [ LANG ] D:\wwwroot\app.ddxx159.com\thinkphp\lang\zh-cn.php
[ info ] [ ROUTE ] array (
)
[ info ] [ HEADER ] array (
  'accept-encoding' => 'gzip',
  'connection' => 'close',
  'host' => 'app.ddxx159.com',
  'user-agent' => 'Mozilla/5.0 (X11; Ubuntu; Linux x86_64; rv:36.0) Gecko/20100101 Firefox/36.0',
)
[ info ] [ PARAM ] array (
)
[ info ] [ DB ] INIT mysql
---------------------------------------------------------------
[ 2019-10-03T04:43:24+08:00 ] 47.101.201.46 GET app.ddxx159.com/admin/login.html
[运行时间：0.220376s] [吞吐率：4.54req/s] [内存消耗：3,263.73kb] [文件加载：77]
[ info ] [ LANG ] D:\wwwroot\app.ddxx159.com\thinkphp\lang\zh-cn.php
[ info ] [ ROUTE ] array (
)
[ info ] [ HEADER ] array (
  'accept-encoding' => 'gzip',
  'connection' => 'close',
  'host' => 'app.ddxx159.com',
  'user-agent' => 'Mozilla/5.0 (X11; Ubuntu; Linux x86_64; rv:36.0) Gecko/20100101 Firefox/36.0',
)
[ info ] [ PARAM ] array (
)
[ info ] [ DB ] INIT mysql
[ info ] [ VIEW ] D:\wwwroot\app.ddxx159.com\application\admin\view\login\index.html [ array (
  0 => 'classuri',
  1 => 'title',
) ]
---------------------------------------------------------------
[ 2019-10-03T05:49:47+08:00 ] 183.136.190.62 GET app.ddxx159.com/
[运行时间：0.152103s] [吞吐率：6.57req/s] [内存消耗：3,056.34kb] [文件加载：79]
[ info ] [ LANG ] D:\wwwroot\app.ddxx159.com\thinkphp\lang\zh-cn.php
[ info ] [ ROUTE ] array (
)
[ info ] [ HEADER ] array (
  'connection' => 'close',
  'cache-control' => 'max-age=0',
  'accept-language' => 'zh-CN,zh;q=0.8',
  'accept-encoding' => '',
  'accept' => 'text/html,application/xhtml+xml,application/xml;q=0.9,image/webp,*/*;q=0.8',
  'user-agent' => 'Mozilla/5.0 (Windows NT 6.1) AppleWebKit/537.36 (KHTML, like Gecko) Chrome/35.0.1916.153 Safari/537.36',
  'host' => 'app.ddxx159.com',
)
[ info ] [ PARAM ] array (
)
[ info ] [ DB ] INIT mysql
---------------------------------------------------------------
[ 2019-10-03T07:54:19+08:00 ] 123.138.232.107 GET app.ddxx159.com/api/index/version?version=1.0.1
[运行时间：0.077513s] [吞吐率：12.90req/s] [内存消耗：1,665.68kb] [文件加载：59]
[ info ] [ LANG ] D:\wwwroot\app.ddxx159.com\thinkphp\lang\zh-cn.php
---------------------------------------------------------------
[ 2019-10-03T07:54:19+08:00 ] 123.138.232.107 POST app.ddxx159.com/api/user/index
[运行时间：0.075593s] [吞吐率：13.23req/s] [内存消耗：1,664.79kb] [文件加载：59]
[ info ] [ LANG ] D:\wwwroot\app.ddxx159.com\thinkphp\lang\zh-cn.php
---------------------------------------------------------------
[ 2019-10-03T07:54:19+08:00 ] 123.138.232.107 POST app.ddxx159.com/api/index/index
[运行时间：0.075333s] [吞吐率：13.27req/s] [内存消耗：1,664.79kb] [文件加载：59]
[ info ] [ LANG ] D:\wwwroot\app.ddxx159.com\thinkphp\lang\zh-cn.php
---------------------------------------------------------------
[ 2019-10-03T07:54:20+08:00 ] 123.138.232.107 POST app.ddxx159.com/api/user/index
[运行时间：0.013629s] [吞吐率：73.37req/s] [内存消耗：1,664.79kb] [文件加载：59]
[ info ] [ LANG ] D:\wwwroot\app.ddxx159.com\thinkphp\lang\zh-cn.php
---------------------------------------------------------------
[ 2019-10-03T07:54:20+08:00 ] 123.138.232.107 POST app.ddxx159.com/api/index/index
[运行时间：0.013735s] [吞吐率：72.81req/s] [内存消耗：1,664.79kb] [文件加载：59]
[ info ] [ LANG ] D:\wwwroot\app.ddxx159.com\thinkphp\lang\zh-cn.php
---------------------------------------------------------------
[ 2019-10-03T07:54:22+08:00 ] 123.138.232.107 POST app.ddxx159.com/api/user/index
[运行时间：0.013222s] [吞吐率：75.63req/s] [内存消耗：1,664.79kb] [文件加载：59]
[ info ] [ LANG ] D:\wwwroot\app.ddxx159.com\thinkphp\lang\zh-cn.php
---------------------------------------------------------------
[ 2019-10-03T07:54:31+08:00 ] 123.138.232.107 POST app.ddxx159.com/api/index/index
[运行时间：0.013559s] [吞吐率：73.75req/s] [内存消耗：1,664.79kb] [文件加载：59]
[ info ] [ LANG ] D:\wwwroot\app.ddxx159.com\thinkphp\lang\zh-cn.php
---------------------------------------------------------------
[ 2019-10-03T07:54:31+08:00 ] 123.138.232.107 POST app.ddxx159.com/api/user/index
[运行时间：0.013059s] [吞吐率：76.57req/s] [内存消耗：1,664.79kb] [文件加载：59]
[ info ] [ LANG ] D:\wwwroot\app.ddxx159.com\thinkphp\lang\zh-cn.php
---------------------------------------------------------------
[ 2019-10-03T07:54:44+08:00 ] 123.138.232.107 POST app.ddxx159.com/api/user/index
[运行时间：0.013643s] [吞吐率：73.30req/s] [内存消耗：1,664.79kb] [文件加载：59]
[ info ] [ LANG ] D:\wwwroot\app.ddxx159.com\thinkphp\lang\zh-cn.php
---------------------------------------------------------------
[ 2019-10-03T07:54:52+08:00 ] 123.138.232.107 POST app.ddxx159.com/api/money/log
[运行时间：0.013677s] [吞吐率：73.11req/s] [内存消耗：1,664.80kb] [文件加载：59]
[ info ] [ LANG ] D:\wwwroot\app.ddxx159.com\thinkphp\lang\zh-cn.php
---------------------------------------------------------------
[ 2019-10-03T07:54:56+08:00 ] 123.138.232.107 POST app.ddxx159.com/api/user/index
[运行时间：0.013401s] [吞吐率：74.62req/s] [内存消耗：1,664.79kb] [文件加载：59]
[ info ] [ LANG ] D:\wwwroot\app.ddxx159.com\thinkphp\lang\zh-cn.php
---------------------------------------------------------------
[ 2019-10-03T07:54:56+08:00 ] 123.138.232.107 POST app.ddxx159.com/api/index/index
[运行时间：0.013094s] [吞吐率：76.37req/s] [内存消耗：1,664.79kb] [文件加载：59]
[ info ] [ LANG ] D:\wwwroot\app.ddxx159.com\thinkphp\lang\zh-cn.php
---------------------------------------------------------------
[ 2019-10-03T07:55:03+08:00 ] 123.138.232.107 POST app.ddxx159.com/api/user/index
[运行时间：0.013590s] [吞吐率：73.58req/s] [内存消耗：1,664.79kb] [文件加载：59]
[ info ] [ LANG ] D:\wwwroot\app.ddxx159.com\thinkphp\lang\zh-cn.php
---------------------------------------------------------------
[ 2019-10-03T07:55:06+08:00 ] 123.138.232.107 POST app.ddxx159.com/api/user/index
[运行时间：0.013256s] [吞吐率：75.44req/s] [内存消耗：1,664.79kb] [文件加载：59]
[ info ] [ LANG ] D:\wwwroot\app.ddxx159.com\thinkphp\lang\zh-cn.php
---------------------------------------------------------------
[ 2019-10-03T07:55:06+08:00 ] 123.138.232.107 POST app.ddxx159.com/api/index/index
[运行时间：0.013022s] [吞吐率：76.79req/s] [内存消耗：1,664.79kb] [文件加载：59]
[ info ] [ LANG ] D:\wwwroot\app.ddxx159.com\thinkphp\lang\zh-cn.php
---------------------------------------------------------------
[ 2019-10-03T08:35:23+08:00 ] 47.101.200.30 GET dscjall.diyunkeji.com/
[运行时间：0.161892s] [吞吐率：6.18req/s] [内存消耗：3,055.51kb] [文件加载：79]
[ info ] [ LANG ] D:\wwwroot\app.ddxx159.com\thinkphp\lang\zh-cn.php
[ info ] [ ROUTE ] array (
)
[ info ] [ HEADER ] array (
  'accept-encoding' => 'gzip',
  'connection' => 'close',
  'host' => 'dscjall.diyunkeji.com',
  'user-agent' => 'Mozilla/5.0 (X11; Ubuntu; Linux x86_64; rv:36.0) Gecko/20100101 Firefox/36.0',
)
[ info ] [ PARAM ] array (
)
[ info ] [ DB ] INIT mysql
---------------------------------------------------------------
[ 2019-10-03T08:35:23+08:00 ] 47.101.200.30 GET dscjall.diyunkeji.com/admin/login.html
[运行时间：0.295480s] [吞吐率：3.38req/s] [内存消耗：3,263.77kb] [文件加载：77]
[ info ] [ LANG ] D:\wwwroot\app.ddxx159.com\thinkphp\lang\zh-cn.php
[ info ] [ ROUTE ] array (
)
[ info ] [ HEADER ] array (
  'accept-encoding' => 'gzip',
  'connection' => 'close',
  'host' => 'dscjall.diyunkeji.com',
  'user-agent' => 'Mozilla/5.0 (X11; Ubuntu; Linux x86_64; rv:36.0) Gecko/20100101 Firefox/36.0',
)
[ info ] [ PARAM ] array (
)
[ info ] [ DB ] INIT mysql
[ info ] [ VIEW ] D:\wwwroot\app.ddxx159.com\application\admin\view\login\index.html [ array (
  0 => 'classuri',
  1 => 'title',
) ]
---------------------------------------------------------------
[ 2019-10-03T15:55:18+08:00 ] 101.232.173.66 POST app.ddxx159.com/api/user/index
[运行时间：0.016955s] [吞吐率：58.98req/s] [内存消耗：1,664.79kb] [文件加载：59]
[ info ] [ LANG ] D:\wwwroot\app.ddxx159.com\thinkphp\lang\zh-cn.php
---------------------------------------------------------------
[ 2019-10-03T15:55:18+08:00 ] 101.232.173.66 GET app.ddxx159.com/api/index/version?version=1.0.1
[运行时间：0.017146s] [吞吐率：58.32req/s] [内存消耗：1,665.68kb] [文件加载：59]
[ info ] [ LANG ] D:\wwwroot\app.ddxx159.com\thinkphp\lang\zh-cn.php
---------------------------------------------------------------
[ 2019-10-03T15:55:18+08:00 ] 101.232.173.66 POST app.ddxx159.com/api/index/index
[运行时间：0.017428s] [吞吐率：57.38req/s] [内存消耗：1,664.79kb] [文件加载：59]
[ info ] [ LANG ] D:\wwwroot\app.ddxx159.com\thinkphp\lang\zh-cn.php
---------------------------------------------------------------
[ 2019-10-03T15:55:19+08:00 ] 101.232.173.66 POST app.ddxx159.com/api/user/index
[运行时间：0.014537s] [吞吐率：68.79req/s] [内存消耗：1,664.79kb] [文件加载：59]
[ info ] [ LANG ] D:\wwwroot\app.ddxx159.com\thinkphp\lang\zh-cn.php
---------------------------------------------------------------
[ 2019-10-03T15:55:19+08:00 ] 101.232.173.66 POST app.ddxx159.com/api/index/index
[运行时间：0.014605s] [吞吐率：68.47req/s] [内存消耗：1,664.79kb] [文件加载：59]
[ info ] [ LANG ] D:\wwwroot\app.ddxx159.com\thinkphp\lang\zh-cn.php
---------------------------------------------------------------
[ 2019-10-03T16:58:17+08:00 ] 183.136.190.62 GET app.ddxx159.com/
[运行时间：0.152200s] [吞吐率：6.57req/s] [内存消耗：3,056.34kb] [文件加载：79]
[ info ] [ LANG ] D:\wwwroot\app.ddxx159.com\thinkphp\lang\zh-cn.php
[ info ] [ ROUTE ] array (
)
[ info ] [ HEADER ] array (
  'connection' => 'close',
  'cache-control' => 'max-age=0',
  'accept-language' => 'zh-CN,zh;q=0.8',
  'accept-encoding' => '',
  'accept' => 'text/html,application/xhtml+xml,application/xml;q=0.9,image/webp,*/*;q=0.8',
  'user-agent' => 'Mozilla/5.0 (Windows NT 6.1) AppleWebKit/537.36 (KHTML, like Gecko) Chrome/35.0.1916.153 Safari/537.36',
  'host' => 'app.ddxx159.com',
)
[ info ] [ PARAM ] array (
)
[ info ] [ DB ] INIT mysql
---------------------------------------------------------------
[ 2019-10-03T18:40:08+08:00 ] 47.101.52.77 GET app.ddxx159.com/
[运行时间：0.119584s] [吞吐率：8.36req/s] [内存消耗：3,055.47kb] [文件加载：79]
[ info ] [ LANG ] D:\wwwroot\app.ddxx159.com\thinkphp\lang\zh-cn.php
[ info ] [ ROUTE ] array (
)
[ info ] [ HEADER ] array (
  'accept-encoding' => 'gzip',
  'connection' => 'close',
  'host' => 'app.ddxx159.com',
  'user-agent' => 'Mozilla/5.0 (X11; Ubuntu; Linux x86_64; rv:36.0) Gecko/20100101 Firefox/36.0',
)
[ info ] [ PARAM ] array (
)
[ info ] [ DB ] INIT mysql
---------------------------------------------------------------
[ 2019-10-03T18:40:08+08:00 ] 47.101.52.77 GET app.ddxx159.com/admin/login.html
[运行时间：0.261759s] [吞吐率：3.82req/s] [内存消耗：3,263.73kb] [文件加载：77]
[ info ] [ LANG ] D:\wwwroot\app.ddxx159.com\thinkphp\lang\zh-cn.php
[ info ] [ ROUTE ] array (
)
[ info ] [ HEADER ] array (
  'accept-encoding' => 'gzip',
  'connection' => 'close',
  'host' => 'app.ddxx159.com',
  'user-agent' => 'Mozilla/5.0 (X11; Ubuntu; Linux x86_64; rv:36.0) Gecko/20100101 Firefox/36.0',
)
[ info ] [ PARAM ] array (
)
[ info ] [ DB ] INIT mysql
[ info ] [ VIEW ] D:\wwwroot\app.ddxx159.com\application\admin\view\login\index.html [ array (
  0 => 'classuri',
  1 => 'title',
) ]
---------------------------------------------------------------
[ 2019-10-03T18:57:58+08:00 ] 42.120.161.123 GET app.ddxx159.com/index/common/app.html
[运行时间：0.121701s] [吞吐率：8.22req/s] [内存消耗：2,944.70kb] [文件加载：76]
[ info ] [ LANG ] D:\wwwroot\app.ddxx159.com\thinkphp\lang\zh-cn.php
[ info ] [ ROUTE ] array (
)
[ info ] [ HEADER ] array (
  'connection' => 'close',
  'user-agent' => 'Mozilla/5.0 (Windows NT 6.1; Win64; x64) AppleWebKit/537.36 (KHTML, like Gecko) Chrome/69.0.3497.81 YisouSpider/5.0 Safari/537.36',
  'upgrade-insecure-requests' => '1',
  'host' => 'app.ddxx159.com',
  'accept-encoding' => 'gzip, deflate',
  'accept' => 'text/html,application/xhtml+xml,application/xml;q=0.9,image/webp,image/apng,*/*;q=0.8',
)
[ info ] [ PARAM ] array (
)
[ info ] [ DB ] INIT mysql
---------------------------------------------------------------
[ 2019-10-03T18:57:58+08:00 ] 106.11.158.179 GET app.ddxx159.com/robots.txt
[运行时间：0.013226s] [吞吐率：75.61req/s] [内存消耗：1,665.37kb] [文件加载：59]
[ info ] [ LANG ] D:\wwwroot\app.ddxx159.com\thinkphp\lang\zh-cn.php
---------------------------------------------------------------
[ 2019-10-03T18:57:59+08:00 ] 106.11.158.179 GET app.ddxx159.com/robots.txt
[运行时间：0.013275s] [吞吐率：75.33req/s] [内存消耗：1,665.37kb] [文件加载：59]
[ info ] [ LANG ] D:\wwwroot\app.ddxx159.com\thinkphp\lang\zh-cn.php
---------------------------------------------------------------
[ 2019-10-03T21:27:45+08:00 ] 219.133.176.64 GET app.ddxx159.com/index/common/register/code/2WRQay.html
[运行时间：0.767322s] [吞吐率：1.30req/s] [内存消耗：2,945.90kb] [文件加载：76]
[ info ] [ LANG ] D:\wwwroot\app.ddxx159.com\thinkphp\lang\zh-cn.php
[ info ] [ ROUTE ] array (
)
[ info ] [ HEADER ] array (
  'connection' => 'close',
  'accept-encoding' => 'gzip, deflate',
  'accept-language' => 'zh-cn',
  'user-agent' => 'Mozilla/5.0 (iPhone; CPU iPhone OS 12_4_1 like Mac OS X) AppleWebKit/605.1.15 (KHTML, like Gecko) Mobile/15E148 MicroMessenger/7.0.5(0x17000523) NetType/WIFI Language/zh_CN',
  'accept' => 'text/html,application/xhtml+xml,application/xml;q=0.9,*/*;q=0.8',
  'upgrade-insecure-requests' => '1',
  'host' => 'app.ddxx159.com',
)
[ info ] [ PARAM ] array (
  'code' => '2WRQay',
)
[ info ] [ DB ] INIT mysql
---------------------------------------------------------------
[ 2019-10-03T21:28:40+08:00 ] 101.89.29.97 GET app.ddxx159.com/index/common/register/code/2WRQay.html
[运行时间：0.191657s] [吞吐率：5.22req/s] [内存消耗：2,945.30kb] [文件加载：76]
[ info ] [ LANG ] D:\wwwroot\app.ddxx159.com\thinkphp\lang\zh-cn.php
[ info ] [ ROUTE ] array (
)
[ info ] [ HEADER ] array (
  'connection' => 'close',
  'host' => 'app.ddxx159.com',
  'accept-language' => 'zh-CN,zh;q=0.8,en-US;q=0.6,en;q=0.4',
  'accept' => '*/*',
  'user-agent' => 'Mozilla/5.0 (iPhone; CPU iPhone OS 10_2_1 like Mac OS X) AppleWebKit/602.4.6 (KHTML, like Gecko) Mobile/14D27 MicroMessenger/6.5.5 NetType/WIFI Language/zh_CN',
)
[ info ] [ PARAM ] array (
  'code' => '2WRQay',
)
[ info ] [ DB ] INIT mysql
