---------------------------------------------------------------
[ 2019-10-01T02:01:36+08:00 ] 211.138.125.213 GET app.ddxx159.com/
[运行时间：0.155082s] [吞吐率：6.45req/s] [内存消耗：3,056.09kb] [文件加载：79]
[ info ] [ LANG ] D:\wwwroot\app.ddxx159.com\thinkphp\lang\zh-cn.php
[ info ] [ ROUTE ] array (
)
[ info ] [ HEADER ] array (
  'user-agent' => 'Mozilla/5.0 (iPhone; CPU iPhone OS 9_1 like Mac OS X) AppleWebKit/601.1.46 (KHTML, like Gecko) Version/9.0 Mobile/13B143 Safari/601.1',
  'accept' => 'text/html,application/xhtml+xml,application/xml;q=0.9,*/*;q=0.8',
  'host' => 'app.ddxx159.com',
  'connection' => 'close',
  'accept-encoding' => 'identity',
)
[ info ] [ PARAM ] array (
)
[ info ] [ DB ] INIT mysql
---------------------------------------------------------------
[ 2019-10-01T02:01:36+08:00 ] 211.138.125.213 GET app.ddxx159.com/admin/login.html
[运行时间：0.370426s] [吞吐率：2.70req/s] [内存消耗：3,264.28kb] [文件加载：77]
[ info ] [ LANG ] D:\wwwroot\app.ddxx159.com\thinkphp\lang\zh-cn.php
[ info ] [ ROUTE ] array (
)
[ info ] [ HEADER ] array (
  'user-agent' => 'Mozilla/5.0 (iPhone; CPU iPhone OS 9_1 like Mac OS X) AppleWebKit/601.1.46 (KHTML, like Gecko) Version/9.0 Mobile/13B143 Safari/601.1',
  'accept' => 'text/html,application/xhtml+xml,application/xml;q=0.9,*/*;q=0.8',
  'host' => 'app.ddxx159.com',
  'connection' => 'close',
  'accept-encoding' => 'identity',
)
[ info ] [ PARAM ] array (
)
[ info ] [ DB ] INIT mysql
[ info ] [ VIEW ] D:\wwwroot\app.ddxx159.com\application\admin\view\login\index.html [ array (
  0 => 'classuri',
  1 => 'title',
) ]
---------------------------------------------------------------
[ 2019-10-01T06:14:53+08:00 ] 47.101.199.176 GET app.ddxx159.com/
[运行时间：0.116251s] [吞吐率：8.60req/s] [内存消耗：3,055.47kb] [文件加载：79]
[ info ] [ LANG ] D:\wwwroot\app.ddxx159.com\thinkphp\lang\zh-cn.php
[ info ] [ ROUTE ] array (
)
[ info ] [ HEADER ] array (
  'accept-encoding' => 'gzip',
  'connection' => 'close',
  'host' => 'app.ddxx159.com',
  'user-agent' => 'Mozilla/5.0 (X11; Ubuntu; Linux x86_64; rv:36.0) Gecko/20100101 Firefox/36.0',
)
[ info ] [ PARAM ] array (
)
[ info ] [ DB ] INIT mysql
---------------------------------------------------------------
[ 2019-10-01T06:14:53+08:00 ] 47.101.199.176 GET app.ddxx159.com/admin/login.html
[运行时间：0.286813s] [吞吐率：3.49req/s] [内存消耗：3,263.73kb] [文件加载：77]
[ info ] [ LANG ] D:\wwwroot\app.ddxx159.com\thinkphp\lang\zh-cn.php
[ info ] [ ROUTE ] array (
)
[ info ] [ HEADER ] array (
  'accept-encoding' => 'gzip',
  'connection' => 'close',
  'host' => 'app.ddxx159.com',
  'user-agent' => 'Mozilla/5.0 (X11; Ubuntu; Linux x86_64; rv:36.0) Gecko/20100101 Firefox/36.0',
)
[ info ] [ PARAM ] array (
)
[ info ] [ DB ] INIT mysql
[ info ] [ VIEW ] D:\wwwroot\app.ddxx159.com\application\admin\view\login\index.html [ array (
  0 => 'classuri',
  1 => 'title',
) ]
---------------------------------------------------------------
[ 2019-10-01T08:06:02+08:00 ] 119.103.19.13 POST app.ddxx159.com/api/user/index
[运行时间：0.015609s] [吞吐率：64.07req/s] [内存消耗：1,664.79kb] [文件加载：59]
[ info ] [ LANG ] D:\wwwroot\app.ddxx159.com\thinkphp\lang\zh-cn.php
---------------------------------------------------------------
[ 2019-10-01T08:06:03+08:00 ] 119.103.19.13 POST app.ddxx159.com/api/user/index
[运行时间：0.016574s] [吞吐率：60.34req/s] [内存消耗：1,664.79kb] [文件加载：59]
[ info ] [ LANG ] D:\wwwroot\app.ddxx159.com\thinkphp\lang\zh-cn.php
---------------------------------------------------------------
[ 2019-10-01T08:06:03+08:00 ] 119.103.19.13 POST app.ddxx159.com/api/index/index
[运行时间：0.016490s] [吞吐率：60.64req/s] [内存消耗：1,664.79kb] [文件加载：59]
[ info ] [ LANG ] D:\wwwroot\app.ddxx159.com\thinkphp\lang\zh-cn.php
---------------------------------------------------------------
[ 2019-10-01T08:06:03+08:00 ] 119.103.19.13 POST app.ddxx159.com/api/index/index
[运行时间：0.016564s] [吞吐率：60.37req/s] [内存消耗：1,664.79kb] [文件加载：59]
[ info ] [ LANG ] D:\wwwroot\app.ddxx159.com\thinkphp\lang\zh-cn.php
---------------------------------------------------------------
[ 2019-10-01T08:06:03+08:00 ] 119.103.19.13 GET app.ddxx159.com/api/index/version?version=1.0.1
[运行时间：0.016373s] [吞吐率：61.08req/s] [内存消耗：1,665.68kb] [文件加载：59]
[ info ] [ LANG ] D:\wwwroot\app.ddxx159.com\thinkphp\lang\zh-cn.php
---------------------------------------------------------------
[ 2019-10-01T08:08:30+08:00 ] 123.233.218.181 GET app.ddxx159.com/admin.html
[运行时间：0.116626s] [吞吐率：8.57req/s] [内存消耗：3,056.73kb] [文件加载：79]
[ info ] [ LANG ] D:\wwwroot\app.ddxx159.com\thinkphp\lang\zh-cn.php
[ info ] [ ROUTE ] array (
)
[ info ] [ HEADER ] array (
  'accept-language' => 'zh-CN,zh;q=0.9',
  'accept-encoding' => 'gzip, deflate',
  'accept' => 'text/html,application/xhtml+xml,application/xml;q=0.9,image/webp,image/apng,*/*;q=0.8,application/signed-exchange;v=b3',
  'user-agent' => 'Mozilla/5.0 (Macintosh; Intel Mac OS X 10_14_3) AppleWebKit/537.36 (KHTML, like Gecko) Chrome/77.0.3865.90 Safari/537.36',
  'upgrade-insecure-requests' => '1',
  'connection' => 'close',
  'host' => 'app.ddxx159.com',
)
[ info ] [ PARAM ] array (
)
[ info ] [ DB ] INIT mysql
---------------------------------------------------------------
[ 2019-10-01T08:08:30+08:00 ] 123.233.218.181 GET app.ddxx159.com/admin/login.html
[运行时间：0.284147s] [吞吐率：3.52req/s] [内存消耗：3,265.11kb] [文件加载：77]
[ info ] [ LANG ] D:\wwwroot\app.ddxx159.com\thinkphp\lang\zh-cn.php
[ info ] [ ROUTE ] array (
)
[ info ] [ HEADER ] array (
  'cookie' => 's8fa1198b=1b92cbf15b6c70ea12951a856ba9cf0f',
  'accept-language' => 'zh-CN,zh;q=0.9',
  'accept-encoding' => 'gzip, deflate',
  'accept' => 'text/html,application/xhtml+xml,application/xml;q=0.9,image/webp,image/apng,*/*;q=0.8,application/signed-exchange;v=b3',
  'user-agent' => 'Mozilla/5.0 (Macintosh; Intel Mac OS X 10_14_3) AppleWebKit/537.36 (KHTML, like Gecko) Chrome/77.0.3865.90 Safari/537.36',
  'upgrade-insecure-requests' => '1',
  'connection' => 'close',
  'host' => 'app.ddxx159.com',
)
[ info ] [ PARAM ] array (
)
[ info ] [ DB ] INIT mysql
[ info ] [ VIEW ] D:\wwwroot\app.ddxx159.com\application\admin\view\login\index.html [ array (
  0 => 'classuri',
  1 => 'title',
) ]
---------------------------------------------------------------
[ 2019-10-01T08:08:32+08:00 ] 123.233.218.181 GET app.ddxx159.com/admin/login.html
[运行时间：0.385092s] [吞吐率：2.60req/s] [内存消耗：3,265.64kb] [文件加载：77]
[ info ] [ LANG ] D:\wwwroot\app.ddxx159.com\thinkphp\lang\zh-cn.php
[ info ] [ ROUTE ] array (
)
[ info ] [ HEADER ] array (
  'cookie' => 's8fa1198b=1b92cbf15b6c70ea12951a856ba9cf0f',
  'accept-language' => 'zh-CN,zh;q=0.9',
  'accept-encoding' => 'gzip, deflate',
  'referer' => 'http://app.ddxx159.com/admin/login.html',
  'accept' => 'text/html,application/xhtml+xml,application/xml;q=0.9,image/webp,image/apng,*/*;q=0.8,application/signed-exchange;v=b3',
  'user-agent' => 'Mozilla/5.0 (Macintosh; Intel Mac OS X 10_14_3) AppleWebKit/537.36 (KHTML, like Gecko) Chrome/77.0.3865.90 Safari/537.36',
  'upgrade-insecure-requests' => '1',
  'connection' => 'close',
  'host' => 'app.ddxx159.com',
)
[ info ] [ PARAM ] array (
)
[ info ] [ DB ] INIT mysql
[ info ] [ VIEW ] D:\wwwroot\app.ddxx159.com\application\admin\view\login\index.html [ array (
  0 => 'classuri',
  1 => 'title',
) ]
---------------------------------------------------------------
[ 2019-10-01T08:08:42+08:00 ] 47.101.200.199 GET dscjall.diyunkeji.com/
[运行时间：0.161791s] [吞吐率：6.18req/s] [内存消耗：3,055.51kb] [文件加载：79]
[ info ] [ LANG ] D:\wwwroot\app.ddxx159.com\thinkphp\lang\zh-cn.php
[ info ] [ ROUTE ] array (
)
[ info ] [ HEADER ] array (
  'accept-encoding' => 'gzip',
  'connection' => 'close',
  'host' => 'dscjall.diyunkeji.com',
  'user-agent' => 'Mozilla/5.0 (X11; Ubuntu; Linux x86_64; rv:36.0) Gecko/20100101 Firefox/36.0',
)
[ info ] [ PARAM ] array (
)
[ info ] [ DB ] INIT mysql
---------------------------------------------------------------
[ 2019-10-01T08:08:43+08:00 ] 47.101.200.199 GET dscjall.diyunkeji.com/admin/login.html
[运行时间：0.310393s] [吞吐率：3.22req/s] [内存消耗：3,263.77kb] [文件加载：77]
[ info ] [ LANG ] D:\wwwroot\app.ddxx159.com\thinkphp\lang\zh-cn.php
[ info ] [ ROUTE ] array (
)
[ info ] [ HEADER ] array (
  'accept-encoding' => 'gzip',
  'connection' => 'close',
  'host' => 'dscjall.diyunkeji.com',
  'user-agent' => 'Mozilla/5.0 (X11; Ubuntu; Linux x86_64; rv:36.0) Gecko/20100101 Firefox/36.0',
)
[ info ] [ PARAM ] array (
)
[ info ] [ DB ] INIT mysql
[ info ] [ VIEW ] D:\wwwroot\app.ddxx159.com\application\admin\view\login\index.html [ array (
  0 => 'classuri',
  1 => 'title',
) ]
---------------------------------------------------------------
[ 2019-10-01T08:12:19+08:00 ] 123.233.218.181 POST app.ddxx159.com/admin/login.html?spm=
[运行时间：0.233605s] [吞吐率：4.28req/s] [内存消耗：3,004.89kb] [文件加载：78]
[ info ] [ LANG ] D:\wwwroot\app.ddxx159.com\thinkphp\lang\zh-cn.php
[ info ] [ ROUTE ] array (
)
[ info ] [ HEADER ] array (
  'cookie' => 's8fa1198b=1b92cbf15b6c70ea12951a856ba9cf0f',
  'accept-language' => 'zh-CN,zh;q=0.9',
  'accept-encoding' => 'gzip, deflate',
  'referer' => 'http://app.ddxx159.com/admin/login.html',
  'content-type' => 'application/x-www-form-urlencoded; charset=UTF-8',
  'user-agent' => 'Mozilla/5.0 (Macintosh; Intel Mac OS X 10_14_3) AppleWebKit/537.36 (KHTML, like Gecko) Chrome/77.0.3865.90 Safari/537.36',
  'x-requested-with' => 'XMLHttpRequest',
  'origin' => 'http://app.ddxx159.com',
  'accept' => '*/*',
  'content-length' => '37',
  'connection' => 'close',
  'host' => 'app.ddxx159.com',
)
[ info ] [ PARAM ] array (
  'spm' => '',
  'username' => '1000000007',
  'password' => 'admin123',
)
[ info ] [ DB ] INIT mysql
---------------------------------------------------------------
[ 2019-10-01T08:13:03+08:00 ] 123.233.218.181 POST app.ddxx159.com/admin/login.html?spm=
[运行时间：0.529443s] [吞吐率：1.89req/s] [内存消耗：3,033.54kb] [文件加载：82]
[ info ] [ LANG ] D:\wwwroot\app.ddxx159.com\thinkphp\lang\zh-cn.php
[ info ] [ ROUTE ] array (
)
[ info ] [ HEADER ] array (
  'cookie' => 's8fa1198b=1b92cbf15b6c70ea12951a856ba9cf0f',
  'accept-language' => 'zh-CN,zh;q=0.9',
  'accept-encoding' => 'gzip, deflate',
  'referer' => 'http://app.ddxx159.com/admin/login.html',
  'content-type' => 'application/x-www-form-urlencoded; charset=UTF-8',
  'user-agent' => 'Mozilla/5.0 (Macintosh; Intel Mac OS X 10_14_3) AppleWebKit/537.36 (KHTML, like Gecko) Chrome/77.0.3865.90 Safari/537.36',
  'x-requested-with' => 'XMLHttpRequest',
  'origin' => 'http://app.ddxx159.com',
  'accept' => '*/*',
  'content-length' => '32',
  'connection' => 'close',
  'host' => 'app.ddxx159.com',
)
[ info ] [ PARAM ] array (
  'spm' => '',
  'username' => 'admin',
  'password' => 'admin123',
)
[ info ] [ DB ] INIT mysql
---------------------------------------------------------------
[ 2019-10-01T08:13:04+08:00 ] 123.233.218.181 GET app.ddxx159.com/admin.html
[运行时间：0.758572s] [吞吐率：1.32req/s] [内存消耗：4,501.65kb] [文件加载：133]
[ info ] [ LANG ] D:\wwwroot\app.ddxx159.com\thinkphp\lang\zh-cn.php
[ info ] [ ROUTE ] array (
)
[ info ] [ HEADER ] array (
  'cookie' => 's8fa1198b=1b92cbf15b6c70ea12951a856ba9cf0f',
  'accept-language' => 'zh-CN,zh;q=0.9',
  'accept-encoding' => 'gzip, deflate',
  'referer' => 'http://app.ddxx159.com/admin/login.html',
  'accept' => 'text/html,application/xhtml+xml,application/xml;q=0.9,image/webp,image/apng,*/*;q=0.8,application/signed-exchange;v=b3',
  'user-agent' => 'Mozilla/5.0 (Macintosh; Intel Mac OS X 10_14_3) AppleWebKit/537.36 (KHTML, like Gecko) Chrome/77.0.3865.90 Safari/537.36',
  'upgrade-insecure-requests' => '1',
  'connection' => 'close',
  'host' => 'app.ddxx159.com',
)
[ info ] [ PARAM ] array (
)
[ info ] [ DB ] INIT mysql
[ info ] [ VIEW ] D:\wwwroot\app.ddxx159.com\application\admin\view\index\index.html [ array (
  0 => 'classuri',
  1 => 'title',
  2 => 'menus',
) ]
---------------------------------------------------------------
[ 2019-10-01T08:13:07+08:00 ] 123.233.218.181 GET app.ddxx159.com/admin/index/main.html?spm=m-7-77-78
[运行时间：0.173729s] [吞吐率：5.76req/s] [内存消耗：2,999.42kb] [文件加载：78]
[ info ] [ LANG ] D:\wwwroot\app.ddxx159.com\thinkphp\lang\zh-cn.php
[ info ] [ ROUTE ] array (
)
[ info ] [ HEADER ] array (
  'cookie' => 's8fa1198b=1b92cbf15b6c70ea12951a856ba9cf0f',
  'accept-language' => 'zh-CN,zh;q=0.9',
  'accept-encoding' => 'gzip, deflate',
  'referer' => 'http://app.ddxx159.com/admin.html',
  'user-agent' => 'Mozilla/5.0 (Macintosh; Intel Mac OS X 10_14_3) AppleWebKit/537.36 (KHTML, like Gecko) Chrome/77.0.3865.90 Safari/537.36',
  'x-requested-with' => 'XMLHttpRequest',
  'accept' => '*/*',
  'connection' => 'close',
  'host' => 'app.ddxx159.com',
)
[ info ] [ PARAM ] array (
  'spm' => 'm-7-77-78',
)
[ info ] [ DB ] INIT mysql
[ info ] [ VIEW ] D:\wwwroot\app.ddxx159.com\application\admin\view\index\main.html [ array (
  0 => 'classuri',
  1 => 'title',
  2 => 'think_ver',
  3 => 'mysql_ver',
) ]
---------------------------------------------------------------
[ 2019-10-01T08:13:26+08:00 ] 123.233.218.181 GET app.ddxx159.com/admin/login/out.html?spm=m-7-77-78
[运行时间：0.174388s] [吞吐率：5.73req/s] [内存消耗：3,015.34kb] [文件加载：80]
[ info ] [ LANG ] D:\wwwroot\app.ddxx159.com\thinkphp\lang\zh-cn.php
[ info ] [ ROUTE ] array (
)
[ info ] [ HEADER ] array (
  'cookie' => 's8fa1198b=1b92cbf15b6c70ea12951a856ba9cf0f',
  'accept-language' => 'zh-CN,zh;q=0.9',
  'accept-encoding' => 'gzip, deflate',
  'referer' => 'http://app.ddxx159.com/admin.html',
  'user-agent' => 'Mozilla/5.0 (Macintosh; Intel Mac OS X 10_14_3) AppleWebKit/537.36 (KHTML, like Gecko) Chrome/77.0.3865.90 Safari/537.36',
  'x-requested-with' => 'XMLHttpRequest',
  'accept' => '*/*',
  'connection' => 'close',
  'host' => 'app.ddxx159.com',
)
[ info ] [ PARAM ] array (
  'spm' => 'm-7-77-78',
)
[ info ] [ DB ] INIT mysql
---------------------------------------------------------------
[ 2019-10-01T08:13:30+08:00 ] 123.233.218.181 GET app.ddxx159.com/admin/login.html
[运行时间：0.274284s] [吞吐率：3.65req/s] [内存消耗：3,265.64kb] [文件加载：77]
[ info ] [ LANG ] D:\wwwroot\app.ddxx159.com\thinkphp\lang\zh-cn.php
[ info ] [ ROUTE ] array (
)
[ info ] [ HEADER ] array (
  'cookie' => 's8fa1198b=1b92cbf15b6c70ea12951a856ba9cf0f',
  'accept-language' => 'zh-CN,zh;q=0.9',
  'accept-encoding' => 'gzip, deflate',
  'referer' => 'http://app.ddxx159.com/admin.html',
  'accept' => 'text/html,application/xhtml+xml,application/xml;q=0.9,image/webp,image/apng,*/*;q=0.8,application/signed-exchange;v=b3',
  'user-agent' => 'Mozilla/5.0 (Macintosh; Intel Mac OS X 10_14_3) AppleWebKit/537.36 (KHTML, like Gecko) Chrome/77.0.3865.90 Safari/537.36',
  'upgrade-insecure-requests' => '1',
  'connection' => 'close',
  'host' => 'app.ddxx159.com',
)
[ info ] [ PARAM ] array (
)
[ info ] [ DB ] INIT mysql
[ info ] [ VIEW ] D:\wwwroot\app.ddxx159.com\application\admin\view\login\index.html [ array (
  0 => 'classuri',
  1 => 'title',
) ]
---------------------------------------------------------------
[ 2019-10-01T08:15:14+08:00 ] 123.233.218.181 POST app.ddxx159.com/admin/login.html?spm=
[运行时间：0.157969s] [吞吐率：6.33req/s] [内存消耗：3,004.89kb] [文件加载：78]
[ info ] [ LANG ] D:\wwwroot\app.ddxx159.com\thinkphp\lang\zh-cn.php
[ info ] [ ROUTE ] array (
)
[ info ] [ HEADER ] array (
  'cookie' => 's8fa1198b=1b92cbf15b6c70ea12951a856ba9cf0f',
  'accept-language' => 'zh-CN,zh;q=0.9',
  'accept-encoding' => 'gzip, deflate',
  'referer' => 'http://app.ddxx159.com/admin/login.html',
  'content-type' => 'application/x-www-form-urlencoded; charset=UTF-8',
  'user-agent' => 'Mozilla/5.0 (Macintosh; Intel Mac OS X 10_14_3) AppleWebKit/537.36 (KHTML, like Gecko) Chrome/77.0.3865.90 Safari/537.36',
  'x-requested-with' => 'XMLHttpRequest',
  'origin' => 'http://app.ddxx159.com',
  'accept' => '*/*',
  'content-length' => '37',
  'connection' => 'close',
  'host' => 'app.ddxx159.com',
)
[ info ] [ PARAM ] array (
  'spm' => '',
  'username' => '1000000007',
  'password' => 'admin123',
)
[ info ] [ DB ] INIT mysql
---------------------------------------------------------------
[ 2019-10-01T09:37:21+08:00 ] 113.120.55.27 GET app.ddxx159.com/
[运行时间：23.724105s] [吞吐率：0.04req/s] [内存消耗：3,057.99kb] [文件加载：79]
[ info ] [ LANG ] D:\wwwroot\app.ddxx159.com\thinkphp\lang\zh-cn.php
[ info ] [ ROUTE ] array (
)
[ info ] [ HEADER ] array (
  'accept-encoding' => 'gzip, deflate',
  'accept-language' => 'zh-cn',
  'webso-cache-load-time' => '1569893817764',
  'user-agent' => 'Mozilla/5.0 (iPhone; CPU iPhone OS 12_3_2 like Mac OS X) AppleWebKit/605.1.15 (KHTML, like Gecko) Mobile/15E148 QQ/8.1.5.461 V1_IPH_SQ_8.1.5_1_APP_A Pixel/1080 Core/WKWebView Device/Apple(iPhone 8Plus) NetType/WIFI QBWebViewType/1 WKType/1',
  'qzhw-request-key' => 'BDEE0955-191D-4700-8E1F-7D4E09802AE6',
  'upgrade-insecure-requests' => '1',
  'connection' => 'close',
  'qzhw-wnshtml-webviewsupport' => '1',
  'accept' => 'text/html,application/xhtml+xml,application/xml;q=0.9,*/*;q=0.8',
  'host' => 'app.ddxx159.com',
)
[ info ] [ PARAM ] array (
)
[ info ] [ DB ] INIT mysql
---------------------------------------------------------------
[ 2019-10-01T09:38:02+08:00 ] 101.91.60.106 GET app.ddxx159.com/
[运行时间：4.833964s] [吞吐率：0.21req/s] [内存消耗：3,055.69kb] [文件加载：79]
[ info ] [ LANG ] D:\wwwroot\app.ddxx159.com\thinkphp\lang\zh-cn.php
[ info ] [ ROUTE ] array (
)
[ info ] [ HEADER ] array (
  'connection' => 'close',
  'host' => 'app.ddxx159.com',
  'accept-language' => 'zh-CN,zh;q=0.8,en-US;q=0.6,en;q=0.4',
  'accept' => '*/*',
  'user-agent' => 'Mozilla/5.0 (Windows NT 6.1; WOW64; rv:50.0) Gecko/20100101 Firefox/50.0',
)
[ info ] [ PARAM ] array (
)
[ info ] [ DB ] INIT mysql
---------------------------------------------------------------
[ 2019-10-01T14:15:06+08:00 ] 183.17.57.42 GET app.ddxx159.com/index/common/register/code/2WRQay.html
[运行时间：0.140600s] [吞吐率：7.11req/s] [内存消耗：2,945.90kb] [文件加载：76]
[ info ] [ LANG ] D:\wwwroot\app.ddxx159.com\thinkphp\lang\zh-cn.php
[ info ] [ ROUTE ] array (
)
[ info ] [ HEADER ] array (
  'connection' => 'close',
  'accept-encoding' => 'gzip, deflate',
  'accept-language' => 'zh-cn',
  'user-agent' => 'Mozilla/5.0 (iPhone; CPU iPhone OS 12_4_1 like Mac OS X) AppleWebKit/605.1.15 (KHTML, like Gecko) Mobile/15E148 MicroMessenger/7.0.5(0x17000523) NetType/WIFI Language/zh_CN',
  'accept' => 'text/html,application/xhtml+xml,application/xml;q=0.9,*/*;q=0.8',
  'upgrade-insecure-requests' => '1',
  'host' => 'app.ddxx159.com',
)
[ info ] [ PARAM ] array (
  'code' => '2WRQay',
)
[ info ] [ DB ] INIT mysql
---------------------------------------------------------------
[ 2019-10-01T14:15:21+08:00 ] 183.17.57.42 GET app.ddxx159.com/index/common/register/code/2WRQay.html
[运行时间：0.131888s] [吞吐率：7.58req/s] [内存消耗：2,945.90kb] [文件加载：76]
[ info ] [ LANG ] D:\wwwroot\app.ddxx159.com\thinkphp\lang\zh-cn.php
[ info ] [ ROUTE ] array (
)
[ info ] [ HEADER ] array (
  'connection' => 'close',
  'accept-encoding' => 'gzip, deflate',
  'accept-language' => 'zh-cn',
  'user-agent' => 'Mozilla/5.0 (iPhone; CPU iPhone OS 12_4_1 like Mac OS X) AppleWebKit/605.1.15 (KHTML, like Gecko) Mobile/15E148 MicroMessenger/7.0.5(0x17000523) NetType/WIFI Language/zh_CN',
  'accept' => 'text/html,application/xhtml+xml,application/xml;q=0.9,*/*;q=0.8',
  'upgrade-insecure-requests' => '1',
  'host' => 'app.ddxx159.com',
)
[ info ] [ PARAM ] array (
  'code' => '2WRQay',
)
[ info ] [ DB ] INIT mysql
---------------------------------------------------------------
[ 2019-10-01T14:16:04+08:00 ] 101.89.239.120 GET app.ddxx159.com/index/common/register/code/2WRQay.html
[运行时间：0.147891s] [吞吐率：6.76req/s] [内存消耗：2,945.80kb] [文件加载：76]
[ info ] [ LANG ] D:\wwwroot\app.ddxx159.com\thinkphp\lang\zh-cn.php
[ info ] [ ROUTE ] array (
)
[ info ] [ HEADER ] array (
  'connection' => 'close',
  'host' => 'app.ddxx159.com',
  'accept-language' => 'zh-CN,zh;q=0.8,en-US;q=0.6,en;q=0.4',
  'accept' => '*/*',
  'user-agent' => 'Mozilla/5.0 (Linux; Android 4.4.4; HUAWEI ALE-CL00 Build/HuaweiALE-CL00; wv) AppleWebKit/537.36 (KHTML, like Gecko) Version/4.0 Chrome/53.0.2785.49 Mobile MQQBrowser/6.2 TBS/043024 Safari/537.36 MicroMessenger/6.5.4.1000 NetType/4G Language/zh_CN',
)
[ info ] [ PARAM ] array (
  'code' => '2WRQay',
)
[ info ] [ DB ] INIT mysql
---------------------------------------------------------------
[ 2019-10-01T15:46:42+08:00 ] 183.136.190.40 GET app.ddxx159.com/
[运行时间：0.124504s] [吞吐率：8.03req/s] [内存消耗：3,056.34kb] [文件加载：79]
[ info ] [ LANG ] D:\wwwroot\app.ddxx159.com\thinkphp\lang\zh-cn.php
[ info ] [ ROUTE ] array (
)
[ info ] [ HEADER ] array (
  'connection' => 'close',
  'cache-control' => 'max-age=0',
  'accept-language' => 'zh-CN,zh;q=0.8',
  'accept-encoding' => '',
  'accept' => 'text/html,application/xhtml+xml,application/xml;q=0.9,image/webp,*/*;q=0.8',
  'user-agent' => 'Mozilla/5.0 (Windows NT 6.1) AppleWebKit/537.36 (KHTML, like Gecko) Chrome/35.0.1916.153 Safari/537.36',
  'host' => 'app.ddxx159.com',
)
[ info ] [ PARAM ] array (
)
[ info ] [ DB ] INIT mysql
---------------------------------------------------------------
[ 2019-10-01T20:01:03+08:00 ] 211.138.125.213 GET app.ddxx159.com/
[运行时间：0.721130s] [吞吐率：1.39req/s] [内存消耗：3,056.09kb] [文件加载：79]
[ info ] [ LANG ] D:\wwwroot\app.ddxx159.com\thinkphp\lang\zh-cn.php
[ info ] [ ROUTE ] array (
)
[ info ] [ HEADER ] array (
  'user-agent' => 'Mozilla/5.0 (iPhone; CPU iPhone OS 9_1 like Mac OS X) AppleWebKit/601.1.46 (KHTML, like Gecko) Version/9.0 Mobile/13B143 Safari/601.1',
  'accept' => 'text/html,application/xhtml+xml,application/xml;q=0.9,*/*;q=0.8',
  'host' => 'app.ddxx159.com',
  'connection' => 'close',
  'accept-encoding' => 'identity',
)
[ info ] [ PARAM ] array (
)
[ info ] [ DB ] INIT mysql
---------------------------------------------------------------
[ 2019-10-01T20:01:04+08:00 ] 211.138.125.213 GET app.ddxx159.com/admin/login.html
[运行时间：0.474415s] [吞吐率：2.11req/s] [内存消耗：3,264.28kb] [文件加载：77]
[ info ] [ LANG ] D:\wwwroot\app.ddxx159.com\thinkphp\lang\zh-cn.php
[ info ] [ ROUTE ] array (
)
[ info ] [ HEADER ] array (
  'user-agent' => 'Mozilla/5.0 (iPhone; CPU iPhone OS 9_1 like Mac OS X) AppleWebKit/601.1.46 (KHTML, like Gecko) Version/9.0 Mobile/13B143 Safari/601.1',
  'accept' => 'text/html,application/xhtml+xml,application/xml;q=0.9,*/*;q=0.8',
  'host' => 'app.ddxx159.com',
  'connection' => 'close',
  'accept-encoding' => 'identity',
)
[ info ] [ PARAM ] array (
)
[ info ] [ DB ] INIT mysql
[ info ] [ VIEW ] D:\wwwroot\app.ddxx159.com\application\admin\view\login\index.html [ array (
  0 => 'classuri',
  1 => 'title',
) ]
---------------------------------------------------------------
[ 2019-10-01T22:50:14+08:00 ] 223.98.71.197 GET app.ddxx159.com/index/common/register/code/gd7SMs.html
[运行时间：0.234840s] [吞吐率：4.26req/s] [内存消耗：2,945.90kb] [文件加载：76]
[ info ] [ LANG ] D:\wwwroot\app.ddxx159.com\thinkphp\lang\zh-cn.php
[ info ] [ ROUTE ] array (
)
[ info ] [ HEADER ] array (
  'connection' => 'close',
  'accept-encoding' => 'gzip, deflate',
  'accept-language' => 'zh-cn',
  'user-agent' => 'Mozilla/5.0 (iPhone; CPU iPhone OS 12_4_1 like Mac OS X) AppleWebKit/605.1.15 (KHTML, like Gecko) Mobile/15E148 MicroMessenger/7.0.5(0x17000523) NetType/WIFI Language/zh_CN',
  'accept' => 'text/html,application/xhtml+xml,application/xml;q=0.9,*/*;q=0.8',
  'upgrade-insecure-requests' => '1',
  'host' => 'app.ddxx159.com',
)
[ info ] [ PARAM ] array (
  'code' => 'gd7SMs',
)
[ info ] [ DB ] INIT mysql
---------------------------------------------------------------
[ 2019-10-01T22:52:03+08:00 ] 223.98.71.197 GET app.ddxx159.com/index/common/register/code/gd7SMs.html
[运行时间：0.150023s] [吞吐率：6.67req/s] [内存消耗：2,945.90kb] [文件加载：76]
[ info ] [ LANG ] D:\wwwroot\app.ddxx159.com\thinkphp\lang\zh-cn.php
[ info ] [ ROUTE ] array (
)
[ info ] [ HEADER ] array (
  'connection' => 'close',
  'accept-encoding' => 'gzip, deflate',
  'accept-language' => 'zh-cn',
  'user-agent' => 'Mozilla/5.0 (iPhone; CPU iPhone OS 12_4_1 like Mac OS X) AppleWebKit/605.1.15 (KHTML, like Gecko) Mobile/15E148 MicroMessenger/7.0.5(0x17000523) NetType/WIFI Language/zh_CN',
  'accept' => 'text/html,application/xhtml+xml,application/xml;q=0.9,*/*;q=0.8',
  'upgrade-insecure-requests' => '1',
  'host' => 'app.ddxx159.com',
)
[ info ] [ PARAM ] array (
  'code' => 'gd7SMs',
)
[ info ] [ DB ] INIT mysql
