---------------------------------------------------------------
[ 2019-10-06T06:05:41+08:00 ] 101.132.134.40 GET app.ddxx159.com/
[运行时间：0.405048s] [吞吐率：2.47req/s] [内存消耗：3,055.46kb] [文件加载：79]
[ info ] [ LANG ] D:\wwwroot\app.ddxx159.com\thinkphp\lang\zh-cn.php
[ info ] [ ROUTE ] array (
)
[ info ] [ HEADER ] array (
  'accept-encoding' => 'gzip',
  'connection' => 'close',
  'host' => 'app.ddxx159.com',
  'user-agent' => 'Mozilla/5.0 (X11; Ubuntu; Linux x86_64; rv:36.0) Gecko/20100101 Firefox/36.0',
)
[ info ] [ PARAM ] array (
)
[ info ] [ DB ] INIT mysql
---------------------------------------------------------------
[ 2019-10-06T06:05:41+08:00 ] 101.132.134.40 GET app.ddxx159.com/admin/login.html
[运行时间：0.080337s] [吞吐率：12.45req/s] [内存消耗：3,263.73kb] [文件加载：77]
[ info ] [ LANG ] D:\wwwroot\app.ddxx159.com\thinkphp\lang\zh-cn.php
[ info ] [ ROUTE ] array (
)
[ info ] [ HEADER ] array (
  'accept-encoding' => 'gzip',
  'connection' => 'close',
  'host' => 'app.ddxx159.com',
  'user-agent' => 'Mozilla/5.0 (X11; Ubuntu; Linux x86_64; rv:36.0) Gecko/20100101 Firefox/36.0',
)
[ info ] [ PARAM ] array (
)
[ info ] [ DB ] INIT mysql
[ info ] [ VIEW ] D:\wwwroot\app.ddxx159.com\application\admin\view\login\index.html [ array (
  0 => 'classuri',
  1 => 'title',
) ]
---------------------------------------------------------------
[ 2019-10-06T09:45:30+08:00 ] 112.96.41.83 POST app.ddxx159.com/api/user/index
[运行时间：0.015916s] [吞吐率：62.83req/s] [内存消耗：1,664.79kb] [文件加载：59]
[ info ] [ LANG ] D:\wwwroot\app.ddxx159.com\thinkphp\lang\zh-cn.php
---------------------------------------------------------------
[ 2019-10-06T09:45:30+08:00 ] 112.96.41.83 POST app.ddxx159.com/api/index/index
[运行时间：0.015980s] [吞吐率：62.58req/s] [内存消耗：1,664.79kb] [文件加载：59]
[ info ] [ LANG ] D:\wwwroot\app.ddxx159.com\thinkphp\lang\zh-cn.php
---------------------------------------------------------------
[ 2019-10-06T09:45:30+08:00 ] 112.96.41.83 GET app.ddxx159.com/api/index/version?version=1.0.1
[运行时间：0.013551s] [吞吐率：73.80req/s] [内存消耗：1,665.68kb] [文件加载：59]
[ info ] [ LANG ] D:\wwwroot\app.ddxx159.com\thinkphp\lang\zh-cn.php
---------------------------------------------------------------
[ 2019-10-06T09:45:30+08:00 ] 112.96.41.83 POST app.ddxx159.com/api/user/index
[运行时间：0.013641s] [吞吐率：73.31req/s] [内存消耗：1,664.79kb] [文件加载：59]
[ info ] [ LANG ] D:\wwwroot\app.ddxx159.com\thinkphp\lang\zh-cn.php
---------------------------------------------------------------
[ 2019-10-06T09:45:30+08:00 ] 112.96.41.83 POST app.ddxx159.com/api/index/index
[运行时间：0.015938s] [吞吐率：62.74req/s] [内存消耗：1,664.79kb] [文件加载：59]
[ info ] [ LANG ] D:\wwwroot\app.ddxx159.com\thinkphp\lang\zh-cn.php
---------------------------------------------------------------
[ 2019-10-06T09:45:33+08:00 ] 112.96.41.83 POST app.ddxx159.com/api/login/sms
[运行时间：0.013367s] [吞吐率：74.81req/s] [内存消耗：1,664.77kb] [文件加载：59]
[ info ] [ LANG ] D:\wwwroot\app.ddxx159.com\thinkphp\lang\zh-cn.php
---------------------------------------------------------------
[ 2019-10-06T09:45:37+08:00 ] 112.96.41.83 POST app.ddxx159.com/api/login/sms
[运行时间：0.013270s] [吞吐率：75.36req/s] [内存消耗：1,664.77kb] [文件加载：59]
[ info ] [ LANG ] D:\wwwroot\app.ddxx159.com\thinkphp\lang\zh-cn.php
---------------------------------------------------------------
[ 2019-10-06T09:45:43+08:00 ] 112.96.41.83 POST app.ddxx159.com/api/index/index
[运行时间：0.014454s] [吞吐率：69.19req/s] [内存消耗：1,664.79kb] [文件加载：59]
[ info ] [ LANG ] D:\wwwroot\app.ddxx159.com\thinkphp\lang\zh-cn.php
---------------------------------------------------------------
[ 2019-10-06T09:45:43+08:00 ] 112.96.41.83 POST app.ddxx159.com/api/user/index
[运行时间：0.014641s] [吞吐率：68.30req/s] [内存消耗：1,664.79kb] [文件加载：59]
[ info ] [ LANG ] D:\wwwroot\app.ddxx159.com\thinkphp\lang\zh-cn.php
---------------------------------------------------------------
[ 2019-10-06T09:45:45+08:00 ] 112.96.41.83 POST app.ddxx159.com/api/payment/channel
[运行时间：0.013293s] [吞吐率：75.23req/s] [内存消耗：1,664.79kb] [文件加载：59]
[ info ] [ LANG ] D:\wwwroot\app.ddxx159.com\thinkphp\lang\zh-cn.php
---------------------------------------------------------------
[ 2019-10-06T09:45:47+08:00 ] 112.96.41.83 POST app.ddxx159.com/api/user/index
[运行时间：0.013475s] [吞吐率：74.21req/s] [内存消耗：1,664.79kb] [文件加载：59]
[ info ] [ LANG ] D:\wwwroot\app.ddxx159.com\thinkphp\lang\zh-cn.php
---------------------------------------------------------------
[ 2019-10-06T09:45:47+08:00 ] 112.96.41.83 POST app.ddxx159.com/api/index/index
[运行时间：0.013554s] [吞吐率：73.78req/s] [内存消耗：1,664.79kb] [文件加载：59]
[ info ] [ LANG ] D:\wwwroot\app.ddxx159.com\thinkphp\lang\zh-cn.php
---------------------------------------------------------------
[ 2019-10-06T09:45:49+08:00 ] 112.96.41.83 POST app.ddxx159.com/api/user/index
[运行时间：0.013373s] [吞吐率：74.78req/s] [内存消耗：1,664.79kb] [文件加载：59]
[ info ] [ LANG ] D:\wwwroot\app.ddxx159.com\thinkphp\lang\zh-cn.php
---------------------------------------------------------------
[ 2019-10-06T09:45:50+08:00 ] 112.96.41.83 POST app.ddxx159.com/api/index/index
[运行时间：0.013392s] [吞吐率：74.67req/s] [内存消耗：1,664.79kb] [文件加载：59]
[ info ] [ LANG ] D:\wwwroot\app.ddxx159.com\thinkphp\lang\zh-cn.php
---------------------------------------------------------------
[ 2019-10-06T09:45:50+08:00 ] 112.96.41.83 POST app.ddxx159.com/api/user/index
[运行时间：0.013627s] [吞吐率：73.38req/s] [内存消耗：1,664.79kb] [文件加载：59]
[ info ] [ LANG ] D:\wwwroot\app.ddxx159.com\thinkphp\lang\zh-cn.php
---------------------------------------------------------------
[ 2019-10-06T09:45:53+08:00 ] 112.96.41.83 POST app.ddxx159.com/api/user/index
[运行时间：0.013315s] [吞吐率：75.10req/s] [内存消耗：1,664.79kb] [文件加载：59]
[ info ] [ LANG ] D:\wwwroot\app.ddxx159.com\thinkphp\lang\zh-cn.php
---------------------------------------------------------------
[ 2019-10-06T09:45:59+08:00 ] 112.96.41.83 POST app.ddxx159.com/api/user/level
[运行时间：0.013666s] [吞吐率：73.17req/s] [内存消耗：1,664.79kb] [文件加载：59]
[ info ] [ LANG ] D:\wwwroot\app.ddxx159.com\thinkphp\lang\zh-cn.php
---------------------------------------------------------------
[ 2019-10-06T09:46:09+08:00 ] 112.96.41.83 POST app.ddxx159.com/api/index/index
[运行时间：0.014309s] [吞吐率：69.89req/s] [内存消耗：1,664.79kb] [文件加载：59]
[ info ] [ LANG ] D:\wwwroot\app.ddxx159.com\thinkphp\lang\zh-cn.php
---------------------------------------------------------------
[ 2019-10-06T09:46:09+08:00 ] 112.96.41.83 POST app.ddxx159.com/api/user/index
[运行时间：0.014513s] [吞吐率：68.90req/s] [内存消耗：1,664.79kb] [文件加载：59]
[ info ] [ LANG ] D:\wwwroot\app.ddxx159.com\thinkphp\lang\zh-cn.php
---------------------------------------------------------------
[ 2019-10-06T09:46:11+08:00 ] 112.96.41.83 POST app.ddxx159.com/api/user/setting
[运行时间：0.013302s] [吞吐率：75.18req/s] [内存消耗：1,664.41kb] [文件加载：59]
[ info ] [ LANG ] D:\wwwroot\app.ddxx159.com\thinkphp\lang\zh-cn.php
---------------------------------------------------------------
[ 2019-10-06T09:46:13+08:00 ] 112.96.41.83 POST app.ddxx159.com/api/index/index
[运行时间：0.013323s] [吞吐率：75.06req/s] [内存消耗：1,664.79kb] [文件加载：59]
[ info ] [ LANG ] D:\wwwroot\app.ddxx159.com\thinkphp\lang\zh-cn.php
---------------------------------------------------------------
[ 2019-10-06T09:46:13+08:00 ] 112.96.41.83 POST app.ddxx159.com/api/user/index
[运行时间：0.013657s] [吞吐率：73.22req/s] [内存消耗：1,664.79kb] [文件加载：59]
[ info ] [ LANG ] D:\wwwroot\app.ddxx159.com\thinkphp\lang\zh-cn.php
---------------------------------------------------------------
[ 2019-10-06T09:46:15+08:00 ] 112.96.41.83 POST app.ddxx159.com/api/index/index
[运行时间：0.013342s] [吞吐率：74.95req/s] [内存消耗：1,664.41kb] [文件加载：59]
[ info ] [ LANG ] D:\wwwroot\app.ddxx159.com\thinkphp\lang\zh-cn.php
---------------------------------------------------------------
[ 2019-10-06T09:46:15+08:00 ] 112.96.41.83 GET app.ddxx159.com/api/index/version?version=1.0.1
[运行时间：0.012979s] [吞吐率：77.05req/s] [内存消耗：1,665.68kb] [文件加载：59]
[ info ] [ LANG ] D:\wwwroot\app.ddxx159.com\thinkphp\lang\zh-cn.php
---------------------------------------------------------------
[ 2019-10-06T09:46:39+08:00 ] 112.96.41.83 POST app.ddxx159.com/api/index/index
[运行时间：0.013706s] [吞吐率：72.96req/s] [内存消耗：1,664.41kb] [文件加载：59]
[ info ] [ LANG ] D:\wwwroot\app.ddxx159.com\thinkphp\lang\zh-cn.php
---------------------------------------------------------------
[ 2019-10-06T09:46:39+08:00 ] 112.96.41.83 GET app.ddxx159.com/api/index/version?version=1.0.1
[运行时间：0.013737s] [吞吐率：72.80req/s] [内存消耗：1,665.68kb] [文件加载：59]
[ info ] [ LANG ] D:\wwwroot\app.ddxx159.com\thinkphp\lang\zh-cn.php
---------------------------------------------------------------
[ 2019-10-06T10:49:15+08:00 ] 218.26.54.58 GET app.ddxx159.com/index/common/app.html
[运行时间：0.058580s] [吞吐率：17.07req/s] [内存消耗：2,946.46kb] [文件加载：76]
[ info ] [ LANG ] D:\wwwroot\app.ddxx159.com\thinkphp\lang\zh-cn.php
[ info ] [ ROUTE ] array (
)
[ info ] [ HEADER ] array (
  'x-forwarded-for-pound' => '218.26.54.58',
  'x-forwarded-for' => '218.26.54.58',
  'user-agent' => 'Mozilla/5.0 (Linux; Android 7.1.1; OS105 Build/NGI77B; wv) AppleWebKit/537.36 (KHTML, like Gecko) Version/4.0 Chrome/66.0.3359.126 MQQBrowser/6.2 TBS/044904 Mobile Safari/537.36 MMWEBID/7947 MicroMessenger/7.0.5.1440(0x27000537) Process/tools NetType/4G Language/zh_CN',
  'upgrade-insecure-requests' => '1',
  'host' => 'app.ddxx159.com',
  'connection' => 'close',
  'accept-language' => 'zh-CN,en-US;q=0.9',
  'accept-encoding' => 'gzip',
  'accept' => 'text/html,application/xhtml+xml,application/xml;q=0.9,image/webp,image/apng,image/wxpic,image/sharpp,image/apng,image/tpg,*/*;q=0.8',
)
[ info ] [ PARAM ] array (
)
[ info ] [ DB ] INIT mysql
---------------------------------------------------------------
[ 2019-10-06T10:49:16+08:00 ] 218.26.54.58 GET app.ddxx159.com/favicon.ico
[运行时间：0.013263s] [吞吐率：75.40req/s] [内存消耗：1,665.37kb] [文件加载：59]
[ info ] [ LANG ] D:\wwwroot\app.ddxx159.com\thinkphp\lang\zh-cn.php
---------------------------------------------------------------
[ 2019-10-06T10:50:13+08:00 ] 101.91.60.107 GET app.ddxx159.com/index/common/app.html
[运行时间：0.068025s] [吞吐率：14.70req/s] [内存消耗：2,944.47kb] [文件加载：76]
[ info ] [ LANG ] D:\wwwroot\app.ddxx159.com\thinkphp\lang\zh-cn.php
[ info ] [ ROUTE ] array (
)
[ info ] [ HEADER ] array (
  'connection' => 'close',
  'host' => 'app.ddxx159.com',
  'accept-language' => 'zh-CN,zh;q=0.8,en-US;q=0.6,en;q=0.4',
  'accept' => '*/*',
  'user-agent' => 'Mozilla/5.0 (iPhone; CPU iPhone OS 10_2_1 like Mac OS X) AppleWebKit/602.4.6 (KHTML, like Gecko) Mobile/14D27 MicroMessenger/6.5.5 NetType/WIFI Language/zh_CN',
)
[ info ] [ PARAM ] array (
)
[ info ] [ DB ] INIT mysql
---------------------------------------------------------------
[ 2019-10-06T16:21:34+08:00 ] 183.17.62.197 GET app.ddxx159.com/index/common/register/code/2WRQay.html
[运行时间：0.067703s] [吞吐率：14.77req/s] [内存消耗：2,945.90kb] [文件加载：76]
[ info ] [ LANG ] D:\wwwroot\app.ddxx159.com\thinkphp\lang\zh-cn.php
[ info ] [ ROUTE ] array (
)
[ info ] [ HEADER ] array (
  'connection' => 'close',
  'accept-encoding' => 'gzip, deflate',
  'accept-language' => 'zh-cn',
  'user-agent' => 'Mozilla/5.0 (iPhone; CPU iPhone OS 13_1_2 like Mac OS X) AppleWebKit/605.1.15 (KHTML, like Gecko) Mobile/15E148 MicroMessenger/7.0.5(0x17000523) NetType/WIFI Language/zh_CN',
  'accept' => 'text/html,application/xhtml+xml,application/xml;q=0.9,*/*;q=0.8',
  'upgrade-insecure-requests' => '1',
  'host' => 'app.ddxx159.com',
)
[ info ] [ PARAM ] array (
  'code' => '2WRQay',
)
[ info ] [ DB ] INIT mysql
---------------------------------------------------------------
[ 2019-10-06T16:43:04+08:00 ] 183.136.190.62 GET app.ddxx159.com/
[运行时间：0.063460s] [吞吐率：15.76req/s] [内存消耗：3,056.34kb] [文件加载：79]
[ info ] [ LANG ] D:\wwwroot\app.ddxx159.com\thinkphp\lang\zh-cn.php
[ info ] [ ROUTE ] array (
)
[ info ] [ HEADER ] array (
  'connection' => 'close',
  'cache-control' => 'max-age=0',
  'accept-language' => 'zh-CN,zh;q=0.8',
  'accept-encoding' => '',
  'accept' => 'text/html,application/xhtml+xml,application/xml;q=0.9,image/webp,*/*;q=0.8',
  'user-agent' => 'Mozilla/5.0 (Windows NT 6.1) AppleWebKit/537.36 (KHTML, like Gecko) Chrome/35.0.1916.153 Safari/537.36',
  'host' => 'app.ddxx159.com',
)
[ info ] [ PARAM ] array (
)
[ info ] [ DB ] INIT mysql
---------------------------------------------------------------
[ 2019-10-06T17:27:38+08:00 ] 60.216.185.168 GET dscjall.diyunkeji.com/
[运行时间：0.213059s] [吞吐率：4.69req/s] [内存消耗：4,501.60kb] [文件加载：133]
[ info ] [ LANG ] D:\wwwroot\app.ddxx159.com\thinkphp\lang\zh-cn.php
[ info ] [ ROUTE ] array (
)
[ info ] [ HEADER ] array (
  'cookie' => 's6e2929b2=36ogks8ehq906lm5l42uj6a7q0; page-rows=20; s73876b25=5b3803da5e62f792cf153ced16c9208c; s8fa1198b=c2012f0fd5ee6047cc6ae46e41c37858',
  'accept-language' => 'zh-CN,zh;q=0.9',
  'accept-encoding' => 'gzip, deflate',
  'accept' => 'text/html,application/xhtml+xml,application/xml;q=0.9,image/webp,image/apng,*/*;q=0.8,application/signed-exchange;v=b3',
  'user-agent' => 'Mozilla/5.0 (Windows NT 10.0; Win64; x64) AppleWebKit/537.36 (KHTML, like Gecko) Chrome/74.0.3729.169 Safari/537.36',
  'upgrade-insecure-requests' => '1',
  'connection' => 'close',
  'host' => 'dscjall.diyunkeji.com',
)
[ info ] [ PARAM ] array (
)
[ info ] [ DB ] INIT mysql
[ info ] [ VIEW ] D:\wwwroot\app.ddxx159.com\application\admin\view\index\index.html [ array (
  0 => 'classuri',
  1 => 'title',
  2 => 'menus',
) ]
---------------------------------------------------------------
[ 2019-10-06T17:27:40+08:00 ] 60.216.185.168 GET dscjall.diyunkeji.com/admin/member/index.html?spm=m-43-44-45
[运行时间：0.736031s] [吞吐率：1.36req/s] [内存消耗：3,340.88kb] [文件加载：84]
[ info ] [ LANG ] D:\wwwroot\app.ddxx159.com\thinkphp\lang\zh-cn.php
[ info ] [ ROUTE ] array (
)
[ info ] [ HEADER ] array (
  'cookie' => 's6e2929b2=36ogks8ehq906lm5l42uj6a7q0; page-rows=20; s73876b25=5b3803da5e62f792cf153ced16c9208c; s8fa1198b=c2012f0fd5ee6047cc6ae46e41c37858',
  'accept-language' => 'zh-CN,zh;q=0.9',
  'accept-encoding' => 'gzip, deflate',
  'referer' => 'http://dscjall.diyunkeji.com/',
  'user-agent' => 'Mozilla/5.0 (Windows NT 10.0; Win64; x64) AppleWebKit/537.36 (KHTML, like Gecko) Chrome/74.0.3729.169 Safari/537.36',
  'x-requested-with' => 'XMLHttpRequest',
  'accept' => '*/*',
  'connection' => 'close',
  'host' => 'dscjall.diyunkeji.com',
)
[ info ] [ PARAM ] array (
  'spm' => 'm-43-44-45',
)
[ info ] [ DB ] INIT mysql
[ info ] [ DB ] INIT mysql
[ info ] [ VIEW ] D:\wwwroot\app.ddxx159.com\application\admin\view\member\index.html [ array (
  0 => 'classuri',
  1 => 'allmemberId',
  2 => 'title',
  3 => 'total',
  4 => 'list',
  5 => 'page',
) ]
---------------------------------------------------------------
[ 2019-10-06T17:27:40+08:00 ] 60.216.185.168 GET dscjall.diyunkeji.com/static/upload/20191003/b4aa0753919e68788306bda9765df7f6.png
[运行时间：0.016001s] [吞吐率：62.50req/s] [内存消耗：1,665.40kb] [文件加载：59]
[ info ] [ LANG ] D:\wwwroot\app.ddxx159.com\thinkphp\lang\zh-cn.php
