---------------------------------------------------------------
[ 2019-09-30T07:56:17+08:00 ] 47.100.207.215 GET app.ddxx159.com/
[运行时间：1.101075s] [吞吐率：0.91req/s] [内存消耗：2,804.71kb] [文件加载：73]
[ info ] [ LANG ] D:\wwwroot\app.ddxx159.com\thinkphp\lang\zh-cn.php
[ info ] [ ROUTE ] array (
)
[ info ] [ HEADER ] array (
  'accept-encoding' => 'gzip',
  'connection' => 'close',
  'host' => 'app.ddxx159.com',
  'user-agent' => 'Mozilla/5.0 (X11; Ubuntu; Linux x86_64; rv:36.0) Gecko/20100101 Firefox/36.0',
)
[ info ] [ PARAM ] array (
)
[ info ] [ DB ] INIT mysql
---------------------------------------------------------------
[ 2019-09-30T09:04:13+08:00 ] 113.127.158.88 GET app.ddxx159.com/index/common/app.html
[运行时间：1.103152s] [吞吐率：0.91req/s] [内存消耗：2,806.09kb] [文件加载：73]
[ info ] [ LANG ] D:\wwwroot\app.ddxx159.com\thinkphp\lang\zh-cn.php
[ info ] [ ROUTE ] array (
)
[ info ] [ HEADER ] array (
  'connection' => 'close',
  'accept-encoding' => 'gzip, deflate',
  'accept-language' => 'zh-tw',
  'user-agent' => 'Mozilla/5.0 (iPhone; CPU iPhone OS 12_4_1 like Mac OS X) AppleWebKit/605.1.15 (KHTML, like Gecko) Mobile/15E148 MicroMessenger/7.0.8(0x17000820) NetType/4G Language/zh_TW',
  'accept' => 'text/html,application/xhtml+xml,application/xml;q=0.9,*/*;q=0.8',
  'upgrade-insecure-requests' => '1',
  'host' => 'app.ddxx159.com',
)
[ info ] [ PARAM ] array (
)
[ info ] [ DB ] INIT mysql
---------------------------------------------------------------
[ 2019-09-30T09:04:58+08:00 ] 153.118.206.79 GET app.ddxx159.com/index/common/app.html
[运行时间：1.107002s] [吞吐率：0.90req/s] [内存消耗：2,807.48kb] [文件加载：73]
[ info ] [ LANG ] D:\wwwroot\app.ddxx159.com\thinkphp\lang\zh-cn.php
[ info ] [ ROUTE ] array (
)
[ info ] [ HEADER ] array (
  'x-forwarded-for-pound' => '153.118.206.79',
  'x-forwarded-for' => '153.118.206.79',
  'user-agent' => 'Mozilla/5.0 (Linux; Android 8.1.0; DUA-AL00 Build/HONORDUA-AL00; wv) AppleWebKit/537.36 (KHTML, like Gecko) Version/4.0 Chrome/66.0.3359.126 MQQBrowser/6.2 TBS/044904 Mobile Safari/537.36 MMWEBID/6917 MicroMessenger/7.0.6.1500(0x2700063E) Process/tools NetType/4G Language/zh_CN',
  'upgrade-insecure-requests' => '1',
  'host' => 'app.ddxx159.com',
  'connection' => 'close',
  'accept-language' => 'zh-CN,en-US;q=0.9',
  'accept-encoding' => 'gzip',
  'accept' => 'text/html,application/xhtml+xml,application/xml;q=0.9,image/webp,image/apng,image/wxpic,image/sharpp,image/apng,image/tpg,*/*;q=0.8',
)
[ info ] [ PARAM ] array (
)
[ info ] [ DB ] INIT mysql
---------------------------------------------------------------
[ 2019-09-30T09:04:59+08:00 ] 153.118.206.79 GET app.ddxx159.com/index/common/app.html
[运行时间：1.089756s] [吞吐率：0.92req/s] [内存消耗：2,806.88kb] [文件加载：73]
[ info ] [ LANG ] D:\wwwroot\app.ddxx159.com\thinkphp\lang\zh-cn.php
[ info ] [ ROUTE ] array (
)
[ info ] [ HEADER ] array (
  'accept-language' => 'zh-CN,en-US;q=0.9',
  'accept-encoding' => 'gzip, deflate',
  'accept' => 'text/html,application/xhtml+xml,application/xml;q=0.9,image/webp,image/apng,image/wxpic,image/sharpp,image/apng,image/tpg,*/*;q=0.8',
  'user-agent' => 'Mozilla/5.0 (Linux; Android 8.1.0; DUA-AL00 Build/HONORDUA-AL00; wv) AppleWebKit/537.36 (KHTML, like Gecko) Version/4.0 Chrome/66.0.3359.126 MQQBrowser/6.2 TBS/044904 Mobile Safari/537.36 MMWEBID/6917 MicroMessenger/7.0.6.1500(0x2700063E) Process/tools NetType/4G Language/zh_CN',
  'upgrade-insecure-requests' => '1',
  'connection' => 'close',
  'host' => 'app.ddxx159.com',
)
[ info ] [ PARAM ] array (
)
[ info ] [ DB ] INIT mysql
---------------------------------------------------------------
[ 2019-09-30T09:05:01+08:00 ] 153.118.206.79 GET app.ddxx159.com/favicon.ico
[运行时间：0.014004s] [吞吐率：71.41req/s] [内存消耗：1,665.37kb] [文件加载：59]
[ info ] [ LANG ] D:\wwwroot\app.ddxx159.com\thinkphp\lang\zh-cn.php
---------------------------------------------------------------
[ 2019-09-30T09:05:53+08:00 ] 61.151.178.166 GET app.ddxx159.com/index/common/app.html
[运行时间：1.116161s] [吞吐率：0.90req/s] [内存消耗：2,805.48kb] [文件加载：73]
[ info ] [ LANG ] D:\wwwroot\app.ddxx159.com\thinkphp\lang\zh-cn.php
[ info ] [ ROUTE ] array (
)
[ info ] [ HEADER ] array (
  'connection' => 'close',
  'host' => 'app.ddxx159.com',
  'accept-language' => 'zh-CN,zh;q=0.8,en-US;q=0.6,en;q=0.4',
  'accept' => '*/*',
  'user-agent' => 'Mozilla/5.0 (iPhone; CPU iPhone OS 10_2_1 like Mac OS X) AppleWebKit/602.4.6 (KHTML, like Gecko) Mobile/14D27 MicroMessenger/6.5.5 NetType/WIFI Language/zh_CN',
)
[ info ] [ PARAM ] array (
)
[ info ] [ DB ] INIT mysql
---------------------------------------------------------------
[ 2019-09-30T09:06:33+08:00 ] 112.229.90.95 GET app.ddxx159.com/index/common/app.html
[运行时间：1.085632s] [吞吐率：0.92req/s] [内存消耗：2,806.09kb] [文件加载：73]
[ info ] [ LANG ] D:\wwwroot\app.ddxx159.com\thinkphp\lang\zh-cn.php
[ info ] [ ROUTE ] array (
)
[ info ] [ HEADER ] array (
  'connection' => 'close',
  'accept-encoding' => 'gzip, deflate',
  'accept-language' => 'zh-tw',
  'user-agent' => 'Mozilla/5.0 (iPhone; CPU iPhone OS 12_4_1 like Mac OS X) AppleWebKit/605.1.15 (KHTML, like Gecko) Mobile/15E148 MicroMessenger/7.0.8(0x17000820) NetType/WIFI Language/zh_TW',
  'accept' => 'text/html,application/xhtml+xml,application/xml;q=0.9,*/*;q=0.8',
  'upgrade-insecure-requests' => '1',
  'host' => 'app.ddxx159.com',
)
[ info ] [ PARAM ] array (
)
[ info ] [ DB ] INIT mysql
---------------------------------------------------------------
[ 2019-09-30T09:07:32+08:00 ] 61.151.178.166 GET app.ddxx159.com/index/common/app.html
[运行时间：1.095675s] [吞吐率：0.91req/s] [内存消耗：2,805.48kb] [文件加载：73]
[ info ] [ LANG ] D:\wwwroot\app.ddxx159.com\thinkphp\lang\zh-cn.php
[ info ] [ ROUTE ] array (
)
[ info ] [ HEADER ] array (
  'connection' => 'close',
  'host' => 'app.ddxx159.com',
  'accept-language' => 'zh-CN,zh;q=0.8,en-US;q=0.6,en;q=0.4',
  'accept' => '*/*',
  'user-agent' => 'Mozilla/5.0 (iPhone; CPU iPhone OS 10_2_1 like Mac OS X) AppleWebKit/602.4.6 (KHTML, like Gecko) Mobile/14D27 MicroMessenger/6.5.5 NetType/WIFI Language/zh_CN',
)
[ info ] [ PARAM ] array (
)
[ info ] [ DB ] INIT mysql
---------------------------------------------------------------
[ 2019-09-30T09:27:03+08:00 ] 123.232.6.106 GET app.ddxx159.com/
[运行时间：0.192599s] [吞吐率：5.19req/s] [内存消耗：4,501.03kb] [文件加载：133]
[ info ] [ LANG ] D:\wwwroot\app.ddxx159.com\thinkphp\lang\zh-cn.php
[ info ] [ ROUTE ] array (
)
[ info ] [ HEADER ] array (
  'cookie' => 's8fa1198b=956d160867bd7b0bafc9d0a60e20d4e7',
  'accept-language' => 'zh-CN,zh;q=0.8',
  'accept-encoding' => 'gzip, deflate, sdch',
  'accept' => 'text/html,application/xhtml+xml,application/xml;q=0.9,image/webp,*/*;q=0.8',
  'user-agent' => 'Mozilla/5.0 (Windows NT 10.0; WOW64) AppleWebKit/537.36 (KHTML, like Gecko) Chrome/58.0.3029.110 Safari/537.36 SE 2.X MetaSr 1.0',
  'upgrade-insecure-requests' => '1',
  'connection' => 'close',
  'host' => 'app.ddxx159.com',
)
[ info ] [ PARAM ] array (
)
[ info ] [ DB ] INIT mysql
[ info ] [ VIEW ] D:\wwwroot\app.ddxx159.com\application\admin\view\index\index.html [ array (
  0 => 'classuri',
  1 => 'title',
  2 => 'menus',
) ]
---------------------------------------------------------------
[ 2019-09-30T09:27:04+08:00 ] 123.232.6.106 GET app.ddxx159.com/admin/index/main.html?spm=m-7-77-78
[运行时间：0.056954s] [吞吐率：17.56req/s] [内存消耗：2,999.51kb] [文件加载：78]
[ info ] [ LANG ] D:\wwwroot\app.ddxx159.com\thinkphp\lang\zh-cn.php
[ info ] [ ROUTE ] array (
)
[ info ] [ HEADER ] array (
  'cookie' => 's8fa1198b=956d160867bd7b0bafc9d0a60e20d4e7',
  'accept-language' => 'zh-CN,zh;q=0.8',
  'accept-encoding' => 'gzip, deflate, sdch',
  'referer' => 'http://app.ddxx159.com/',
  'user-agent' => 'Mozilla/5.0 (Windows NT 10.0; WOW64) AppleWebKit/537.36 (KHTML, like Gecko) Chrome/58.0.3029.110 Safari/537.36 SE 2.X MetaSr 1.0',
  'x-requested-with' => 'XMLHttpRequest',
  'accept' => '*/*',
  'connection' => 'close',
  'host' => 'app.ddxx159.com',
)
[ info ] [ PARAM ] array (
  'spm' => 'm-7-77-78',
)
[ info ] [ DB ] INIT mysql
[ info ] [ VIEW ] D:\wwwroot\app.ddxx159.com\application\admin\view\index\main.html [ array (
  0 => 'classuri',
  1 => 'title',
  2 => 'think_ver',
  3 => 'mysql_ver',
) ]
---------------------------------------------------------------
[ 2019-09-30T09:27:06+08:00 ] 123.232.6.106 GET app.ddxx159.com/admin/statistics/member.html?spm=m-7-156-157
[运行时间：0.644878s] [吞吐率：1.55req/s] [内存消耗：3,387.94kb] [文件加载：81]
[ info ] [ LANG ] D:\wwwroot\app.ddxx159.com\thinkphp\lang\zh-cn.php
[ info ] [ ROUTE ] array (
)
[ info ] [ HEADER ] array (
  'cookie' => 's8fa1198b=956d160867bd7b0bafc9d0a60e20d4e7',
  'accept-language' => 'zh-CN,zh;q=0.8',
  'accept-encoding' => 'gzip, deflate, sdch',
  'referer' => 'http://app.ddxx159.com/',
  'user-agent' => 'Mozilla/5.0 (Windows NT 10.0; WOW64) AppleWebKit/537.36 (KHTML, like Gecko) Chrome/58.0.3029.110 Safari/537.36 SE 2.X MetaSr 1.0',
  'x-requested-with' => 'XMLHttpRequest',
  'accept' => '*/*',
  'connection' => 'close',
  'host' => 'app.ddxx159.com',
)
[ info ] [ PARAM ] array (
  'spm' => 'm-7-156-157',
)
[ info ] [ DB ] INIT mysql
[ info ] [ DB ] INIT mysql
[ info ] [ VIEW ] D:\wwwroot\app.ddxx159.com\application\admin\view\statistics\member.html [ array (
  0 => 'classuri',
  1 => 'allmemberId',
  2 => 'day',
  3 => 'day2',
  4 => 'userSource',
  5 => 'timeX',
  6 => 'userLineAll1',
  7 => 'userLineAll2',
  8 => 'title',
) ]
---------------------------------------------------------------
[ 2019-09-30T09:53:44+08:00 ] 58.251.121.184 GET app.ddxx159.com/
[运行时间：0.049398s] [吞吐率：20.24req/s] [内存消耗：3,056.26kb] [文件加载：79]
[ info ] [ LANG ] D:\wwwroot\app.ddxx159.com\thinkphp\lang\zh-cn.php
[ info ] [ ROUTE ] array (
)
[ info ] [ HEADER ] array (
  'connection' => 'close',
  'user-agent' => 'Mozilla/5.0 (iPhone; CPU iPhone OS 9_3_4 like Mac OS X) AppleWebKit/601.1.46 (KHTML, like Gecko) Mobile/13G35 QQ/6.5.3.410 V1_IPH_SQ_6.5.3_1_APP_A Pixel/750 Core/UIWebView NetType/2G Mem/117',
  'accept-language' => 'zh-cn',
  'accept' => '*/*',
  'accept-encoding' => 'deflate, gzip',
  'host' => 'app.ddxx159.com',
)
[ info ] [ PARAM ] array (
)
[ info ] [ DB ] INIT mysql
---------------------------------------------------------------
[ 2019-09-30T09:53:44+08:00 ] 58.251.121.184 GET app.ddxx159.com/admin/login.html
[运行时间：0.304690s] [吞吐率：3.28req/s] [内存消耗：3,264.67kb] [文件加载：77]
[ info ] [ LANG ] D:\wwwroot\app.ddxx159.com\thinkphp\lang\zh-cn.php
[ info ] [ ROUTE ] array (
)
[ info ] [ HEADER ] array (
  'connection' => 'close',
  'user-agent' => 'Mozilla/5.0 (iPhone; CPU iPhone OS 9_3_4 like Mac OS X) AppleWebKit/601.1.46 (KHTML, like Gecko) Mobile/13G35 QQ/6.5.3.410 V1_IPH_SQ_6.5.3_1_APP_A Pixel/750 Core/UIWebView NetType/2G Mem/117',
  'accept-language' => 'zh-cn',
  'accept' => '*/*',
  'referer' => 'http://app.ddxx159.com/',
  'accept-encoding' => 'deflate, gzip',
  'host' => 'app.ddxx159.com',
)
[ info ] [ PARAM ] array (
)
[ info ] [ DB ] INIT mysql
[ info ] [ VIEW ] D:\wwwroot\app.ddxx159.com\application\admin\view\login\index.html [ array (
  0 => 'classuri',
  1 => 'title',
) ]
---------------------------------------------------------------
[ 2019-09-30T11:34:38+08:00 ] 123.232.6.106 GET dscjall.diyunkeji.com/favicon.ico
[运行时间：0.016332s] [吞吐率：61.23req/s] [内存消耗：1,665.40kb] [文件加载：59]
[ info ] [ LANG ] D:\wwwroot\app.ddxx159.com\thinkphp\lang\zh-cn.php
---------------------------------------------------------------
[ 2019-09-30T11:34:39+08:00 ] 123.232.6.106 GET dscjall.diyunkeji.com/
[运行时间：0.137592s] [吞吐率：7.27req/s] [内存消耗：3,057.96kb] [文件加载：79]
[ info ] [ LANG ] D:\wwwroot\app.ddxx159.com\thinkphp\lang\zh-cn.php
[ info ] [ ROUTE ] array (
)
[ info ] [ HEADER ] array (
  'cookie' => 'page-rows=20; s6e2929b2=tef13ft5gijucj33tom17ki020; s73876b25=7051cd9d802353b6ef8999f25ee5c9f4; UM_distinctid=16d6b92f6af500-077e3aaabfdbb-4d045769-1fa400-16d6b92f6b0b94',
  'accept-language' => 'zh-CN,zh;q=0.8',
  'accept-encoding' => 'gzip, deflate, sdch',
  'referer' => 'http://47.103.56.124:8888/site',
  'accept' => 'text/html,application/xhtml+xml,application/xml;q=0.9,image/webp,*/*;q=0.8',
  'user-agent' => 'Mozilla/5.0 (Windows NT 10.0; WOW64) AppleWebKit/537.36 (KHTML, like Gecko) Chrome/58.0.3029.110 Safari/537.36 SE 2.X MetaSr 1.0',
  'upgrade-insecure-requests' => '1',
  'connection' => 'close',
  'host' => 'dscjall.diyunkeji.com',
)
[ info ] [ PARAM ] array (
)
[ info ] [ DB ] INIT mysql
---------------------------------------------------------------
[ 2019-09-30T11:34:40+08:00 ] 123.232.6.106 GET dscjall.diyunkeji.com/admin/login.html
[运行时间：0.296356s] [吞吐率：3.37req/s] [内存消耗：3,266.30kb] [文件加载：77]
[ info ] [ LANG ] D:\wwwroot\app.ddxx159.com\thinkphp\lang\zh-cn.php
[ info ] [ ROUTE ] array (
)
[ info ] [ HEADER ] array (
  'cookie' => 'page-rows=20; s6e2929b2=tef13ft5gijucj33tom17ki020; s73876b25=7051cd9d802353b6ef8999f25ee5c9f4; UM_distinctid=16d6b92f6af500-077e3aaabfdbb-4d045769-1fa400-16d6b92f6b0b94; s8fa1198b=8f83e5aecc82e040fb9e5ef44c426c06',
  'accept-language' => 'zh-CN,zh;q=0.8',
  'accept-encoding' => 'gzip, deflate, sdch',
  'referer' => 'http://47.103.56.124:8888/site',
  'accept' => 'text/html,application/xhtml+xml,application/xml;q=0.9,image/webp,*/*;q=0.8',
  'user-agent' => 'Mozilla/5.0 (Windows NT 10.0; WOW64) AppleWebKit/537.36 (KHTML, like Gecko) Chrome/58.0.3029.110 Safari/537.36 SE 2.X MetaSr 1.0',
  'upgrade-insecure-requests' => '1',
  'connection' => 'close',
  'host' => 'dscjall.diyunkeji.com',
)
[ info ] [ PARAM ] array (
)
[ info ] [ DB ] INIT mysql
[ info ] [ VIEW ] D:\wwwroot\app.ddxx159.com\application\admin\view\login\index.html [ array (
  0 => 'classuri',
  1 => 'title',
) ]
---------------------------------------------------------------
[ 2019-09-30T11:47:09+08:00 ] 27.26.237.95 GET app.ddxx159.com/api/index/version?version=1.0.1
[运行时间：0.015474s] [吞吐率：64.63req/s] [内存消耗：1,665.68kb] [文件加载：59]
[ info ] [ LANG ] D:\wwwroot\app.ddxx159.com\thinkphp\lang\zh-cn.php
---------------------------------------------------------------
[ 2019-09-30T11:47:10+08:00 ] 27.26.237.95 POST app.ddxx159.com/api/index/index
[运行时间：0.016324s] [吞吐率：61.26req/s] [内存消耗：1,664.79kb] [文件加载：59]
[ info ] [ LANG ] D:\wwwroot\app.ddxx159.com\thinkphp\lang\zh-cn.php
---------------------------------------------------------------
[ 2019-09-30T11:47:10+08:00 ] 27.26.237.95 POST app.ddxx159.com/api/index/index
[运行时间：0.016596s] [吞吐率：60.26req/s] [内存消耗：1,664.79kb] [文件加载：59]
[ info ] [ LANG ] D:\wwwroot\app.ddxx159.com\thinkphp\lang\zh-cn.php
---------------------------------------------------------------
[ 2019-09-30T11:47:10+08:00 ] 27.26.237.95 POST app.ddxx159.com/api/user/index
[运行时间：0.016424s] [吞吐率：60.89req/s] [内存消耗：1,664.79kb] [文件加载：59]
[ info ] [ LANG ] D:\wwwroot\app.ddxx159.com\thinkphp\lang\zh-cn.php
---------------------------------------------------------------
[ 2019-09-30T11:47:10+08:00 ] 27.26.237.95 POST app.ddxx159.com/api/user/index
[运行时间：0.016605s] [吞吐率：60.22req/s] [内存消耗：1,664.79kb] [文件加载：59]
[ info ] [ LANG ] D:\wwwroot\app.ddxx159.com\thinkphp\lang\zh-cn.php
---------------------------------------------------------------
[ 2019-09-30T11:47:17+08:00 ] 27.26.237.95 POST app.ddxx159.com/api/payment/channel
[运行时间：0.013693s] [吞吐率：73.03req/s] [内存消耗：1,664.79kb] [文件加载：59]
[ info ] [ LANG ] D:\wwwroot\app.ddxx159.com\thinkphp\lang\zh-cn.php
---------------------------------------------------------------
[ 2019-09-30T11:47:26+08:00 ] 27.26.237.95 POST app.ddxx159.com/api/user/credits
[运行时间：0.013780s] [吞吐率：72.57req/s] [内存消耗：1,664.79kb] [文件加载：59]
[ info ] [ LANG ] D:\wwwroot\app.ddxx159.com\thinkphp\lang\zh-cn.php
---------------------------------------------------------------
[ 2019-09-30T11:47:26+08:00 ] 27.26.237.95 POST app.ddxx159.com/api/user/credits
[运行时间：0.013809s] [吞吐率：72.42req/s] [内存消耗：1,664.79kb] [文件加载：59]
[ info ] [ LANG ] D:\wwwroot\app.ddxx159.com\thinkphp\lang\zh-cn.php
---------------------------------------------------------------
[ 2019-09-30T11:48:01+08:00 ] 27.26.237.95 POST app.ddxx159.com/api/user/credits
[运行时间：0.013744s] [吞吐率：72.76req/s] [内存消耗：1,664.79kb] [文件加载：59]
[ info ] [ LANG ] D:\wwwroot\app.ddxx159.com\thinkphp\lang\zh-cn.php
---------------------------------------------------------------
[ 2019-09-30T11:48:07+08:00 ] 27.26.237.95 POST app.ddxx159.com/api/user/credits
[运行时间：0.013795s] [吞吐率：72.49req/s] [内存消耗：1,664.79kb] [文件加载：59]
[ info ] [ LANG ] D:\wwwroot\app.ddxx159.com\thinkphp\lang\zh-cn.php
---------------------------------------------------------------
[ 2019-09-30T11:48:07+08:00 ] 27.26.237.95 POST app.ddxx159.com/api/user/credits
[运行时间：0.013842s] [吞吐率：72.24req/s] [内存消耗：1,664.79kb] [文件加载：59]
[ info ] [ LANG ] D:\wwwroot\app.ddxx159.com\thinkphp\lang\zh-cn.php
---------------------------------------------------------------
[ 2019-09-30T11:48:20+08:00 ] 27.26.237.95 POST app.ddxx159.com/api/user/banks
[运行时间：0.013541s] [吞吐率：73.85req/s] [内存消耗：1,664.41kb] [文件加载：59]
[ info ] [ LANG ] D:\wwwroot\app.ddxx159.com\thinkphp\lang\zh-cn.php
---------------------------------------------------------------
[ 2019-09-30T11:48:31+08:00 ] 27.26.237.95 POST app.ddxx159.com/api/user/banks
[运行时间：0.013473s] [吞吐率：74.22req/s] [内存消耗：1,664.41kb] [文件加载：59]
[ info ] [ LANG ] D:\wwwroot\app.ddxx159.com\thinkphp\lang\zh-cn.php
---------------------------------------------------------------
[ 2019-09-30T11:48:34+08:00 ] 27.26.237.95 POST app.ddxx159.com/api/user/credits
[运行时间：0.013241s] [吞吐率：75.52req/s] [内存消耗：1,664.79kb] [文件加载：59]
[ info ] [ LANG ] D:\wwwroot\app.ddxx159.com\thinkphp\lang\zh-cn.php
---------------------------------------------------------------
[ 2019-09-30T11:48:37+08:00 ] 27.26.237.95 POST app.ddxx159.com/api/user/credits
[运行时间：0.013300s] [吞吐率：75.19req/s] [内存消耗：1,664.79kb] [文件加载：59]
[ info ] [ LANG ] D:\wwwroot\app.ddxx159.com\thinkphp\lang\zh-cn.php
---------------------------------------------------------------
[ 2019-09-30T11:48:37+08:00 ] 27.26.237.95 POST app.ddxx159.com/api/user/credits
[运行时间：0.012987s] [吞吐率：77.00req/s] [内存消耗：1,664.79kb] [文件加载：59]
[ info ] [ LANG ] D:\wwwroot\app.ddxx159.com\thinkphp\lang\zh-cn.php
---------------------------------------------------------------
[ 2019-09-30T11:48:43+08:00 ] 27.26.237.95 POST app.ddxx159.com/api/user/banks
[运行时间：0.013371s] [吞吐率：74.79req/s] [内存消耗：1,664.41kb] [文件加载：59]
[ info ] [ LANG ] D:\wwwroot\app.ddxx159.com\thinkphp\lang\zh-cn.php
---------------------------------------------------------------
[ 2019-09-30T11:48:46+08:00 ] 27.26.237.95 POST app.ddxx159.com/api/user/banks
[运行时间：0.013449s] [吞吐率：74.35req/s] [内存消耗：1,664.41kb] [文件加载：59]
[ info ] [ LANG ] D:\wwwroot\app.ddxx159.com\thinkphp\lang\zh-cn.php
---------------------------------------------------------------
[ 2019-09-30T11:48:48+08:00 ] 27.26.237.95 POST app.ddxx159.com/api/user/banks
[运行时间：0.013274s] [吞吐率：75.33req/s] [内存消耗：1,664.41kb] [文件加载：59]
[ info ] [ LANG ] D:\wwwroot\app.ddxx159.com\thinkphp\lang\zh-cn.php
---------------------------------------------------------------
[ 2019-09-30T11:48:51+08:00 ] 27.26.237.95 POST app.ddxx159.com/api/user/banks
[运行时间：0.013134s] [吞吐率：76.14req/s] [内存消耗：1,664.41kb] [文件加载：59]
[ info ] [ LANG ] D:\wwwroot\app.ddxx159.com\thinkphp\lang\zh-cn.php
---------------------------------------------------------------
[ 2019-09-30T11:49:19+08:00 ] 27.26.237.95 POST app.ddxx159.com/api/user/credits
[运行时间：0.015356s] [吞吐率：65.12req/s] [内存消耗：1,664.79kb] [文件加载：59]
[ info ] [ LANG ] D:\wwwroot\app.ddxx159.com\thinkphp\lang\zh-cn.php
---------------------------------------------------------------
[ 2019-09-30T11:49:22+08:00 ] 27.26.237.95 POST app.ddxx159.com/api/user/index
[运行时间：0.013400s] [吞吐率：74.63req/s] [内存消耗：1,664.79kb] [文件加载：59]
[ info ] [ LANG ] D:\wwwroot\app.ddxx159.com\thinkphp\lang\zh-cn.php
---------------------------------------------------------------
[ 2019-09-30T11:49:22+08:00 ] 27.26.237.95 POST app.ddxx159.com/api/index/index
[运行时间：0.012888s] [吞吐率：77.59req/s] [内存消耗：1,664.79kb] [文件加载：59]
[ info ] [ LANG ] D:\wwwroot\app.ddxx159.com\thinkphp\lang\zh-cn.php
---------------------------------------------------------------
[ 2019-09-30T11:49:36+08:00 ] 27.26.237.95 POST app.ddxx159.com/api/user/index
[运行时间：0.013454s] [吞吐率：74.33req/s] [内存消耗：1,664.79kb] [文件加载：59]
[ info ] [ LANG ] D:\wwwroot\app.ddxx159.com\thinkphp\lang\zh-cn.php
---------------------------------------------------------------
[ 2019-09-30T11:49:39+08:00 ] 27.26.237.95 POST app.ddxx159.com/api/bill/log
[运行时间：0.013342s] [吞吐率：74.95req/s] [内存消耗：1,664.82kb] [文件加载：59]
[ info ] [ LANG ] D:\wwwroot\app.ddxx159.com\thinkphp\lang\zh-cn.php
---------------------------------------------------------------
[ 2019-09-30T12:26:59+08:00 ] 27.26.237.95 POST app.ddxx159.com/api/bill/log
[运行时间：0.017390s] [吞吐率：57.50req/s] [内存消耗：1,664.82kb] [文件加载：59]
[ info ] [ LANG ] D:\wwwroot\app.ddxx159.com\thinkphp\lang\zh-cn.php
---------------------------------------------------------------
[ 2019-09-30T12:26:59+08:00 ] 27.26.237.95 POST app.ddxx159.com/api/index/index
[运行时间：0.017192s] [吞吐率：58.17req/s] [内存消耗：1,664.79kb] [文件加载：59]
[ info ] [ LANG ] D:\wwwroot\app.ddxx159.com\thinkphp\lang\zh-cn.php
---------------------------------------------------------------
[ 2019-09-30T12:26:59+08:00 ] 27.26.237.95 POST app.ddxx159.com/api/user/index
[运行时间：0.017154s] [吞吐率：58.30req/s] [内存消耗：1,664.79kb] [文件加载：59]
[ info ] [ LANG ] D:\wwwroot\app.ddxx159.com\thinkphp\lang\zh-cn.php
---------------------------------------------------------------
[ 2019-09-30T12:26:59+08:00 ] 27.26.237.95 GET app.ddxx159.com/api/index/version?version=1.0.1
[运行时间：0.013234s] [吞吐率：75.56req/s] [内存消耗：1,665.68kb] [文件加载：59]
[ info ] [ LANG ] D:\wwwroot\app.ddxx159.com\thinkphp\lang\zh-cn.php
---------------------------------------------------------------
[ 2019-09-30T12:26:59+08:00 ] 27.26.237.95 POST app.ddxx159.com/api/user/index
[运行时间：0.013416s] [吞吐率：74.54req/s] [内存消耗：1,664.79kb] [文件加载：59]
[ info ] [ LANG ] D:\wwwroot\app.ddxx159.com\thinkphp\lang\zh-cn.php
---------------------------------------------------------------
[ 2019-09-30T12:26:59+08:00 ] 27.26.237.95 POST app.ddxx159.com/api/user/index
[运行时间：0.015693s] [吞吐率：63.72req/s] [内存消耗：1,664.79kb] [文件加载：59]
[ info ] [ LANG ] D:\wwwroot\app.ddxx159.com\thinkphp\lang\zh-cn.php
---------------------------------------------------------------
[ 2019-09-30T12:26:59+08:00 ] 27.26.237.95 POST app.ddxx159.com/api/bill/log
[运行时间：0.015744s] [吞吐率：63.52req/s] [内存消耗：1,664.82kb] [文件加载：59]
[ info ] [ LANG ] D:\wwwroot\app.ddxx159.com\thinkphp\lang\zh-cn.php
---------------------------------------------------------------
[ 2019-09-30T12:26:59+08:00 ] 27.26.237.95 POST app.ddxx159.com/api/index/index
[运行时间：0.013247s] [吞吐率：75.49req/s] [内存消耗：1,664.79kb] [文件加载：59]
[ info ] [ LANG ] D:\wwwroot\app.ddxx159.com\thinkphp\lang\zh-cn.php
---------------------------------------------------------------
[ 2019-09-30T12:26:59+08:00 ] 27.26.237.95 POST app.ddxx159.com/api/user/index
[运行时间：0.012968s] [吞吐率：77.11req/s] [内存消耗：1,664.79kb] [文件加载：59]
[ info ] [ LANG ] D:\wwwroot\app.ddxx159.com\thinkphp\lang\zh-cn.php
---------------------------------------------------------------
[ 2019-09-30T12:26:59+08:00 ] 27.26.237.95 POST app.ddxx159.com/api/index/index
[运行时间：0.013018s] [吞吐率：76.82req/s] [内存消耗：1,664.79kb] [文件加载：59]
[ info ] [ LANG ] D:\wwwroot\app.ddxx159.com\thinkphp\lang\zh-cn.php
---------------------------------------------------------------
[ 2019-09-30T12:26:59+08:00 ] 27.26.237.95 POST app.ddxx159.com/api/user/index
[运行时间：0.012829s] [吞吐率：77.95req/s] [内存消耗：1,664.79kb] [文件加载：59]
[ info ] [ LANG ] D:\wwwroot\app.ddxx159.com\thinkphp\lang\zh-cn.php
---------------------------------------------------------------
[ 2019-09-30T12:27:02+08:00 ] 27.26.237.95 POST app.ddxx159.com/api/friend/index
[运行时间：0.013421s] [吞吐率：74.51req/s] [内存消耗：1,664.79kb] [文件加载：59]
[ info ] [ LANG ] D:\wwwroot\app.ddxx159.com\thinkphp\lang\zh-cn.php
---------------------------------------------------------------
[ 2019-09-30T12:27:04+08:00 ] 27.26.237.95 POST app.ddxx159.com/api/user/index
[运行时间：0.013110s] [吞吐率：76.28req/s] [内存消耗：1,664.79kb] [文件加载：59]
[ info ] [ LANG ] D:\wwwroot\app.ddxx159.com\thinkphp\lang\zh-cn.php
---------------------------------------------------------------
[ 2019-09-30T12:27:04+08:00 ] 27.26.237.95 POST app.ddxx159.com/api/index/index
[运行时间：0.012906s] [吞吐率：77.48req/s] [内存消耗：1,664.79kb] [文件加载：59]
[ info ] [ LANG ] D:\wwwroot\app.ddxx159.com\thinkphp\lang\zh-cn.php
---------------------------------------------------------------
[ 2019-09-30T12:27:07+08:00 ] 27.26.237.95 POST app.ddxx159.com/api/payment/channel
[运行时间：0.013508s] [吞吐率：74.03req/s] [内存消耗：1,664.79kb] [文件加载：59]
[ info ] [ LANG ] D:\wwwroot\app.ddxx159.com\thinkphp\lang\zh-cn.php
---------------------------------------------------------------
[ 2019-09-30T12:27:13+08:00 ] 27.26.237.95 POST app.ddxx159.com/api/user/credits
[运行时间：0.013666s] [吞吐率：73.17req/s] [内存消耗：1,664.79kb] [文件加载：59]
[ info ] [ LANG ] D:\wwwroot\app.ddxx159.com\thinkphp\lang\zh-cn.php
---------------------------------------------------------------
[ 2019-09-30T12:27:13+08:00 ] 27.26.237.95 POST app.ddxx159.com/api/user/credits
[运行时间：0.013514s] [吞吐率：74.00req/s] [内存消耗：1,664.79kb] [文件加载：59]
[ info ] [ LANG ] D:\wwwroot\app.ddxx159.com\thinkphp\lang\zh-cn.php
---------------------------------------------------------------
[ 2019-09-30T12:28:59+08:00 ] 27.26.237.95 POST app.ddxx159.com/api/user/bindsms
[运行时间：0.013690s] [吞吐率：73.05req/s] [内存消耗：1,664.77kb] [文件加载：59]
[ info ] [ LANG ] D:\wwwroot\app.ddxx159.com\thinkphp\lang\zh-cn.php
---------------------------------------------------------------
[ 2019-09-30T12:29:28+08:00 ] 27.26.237.95 POST app.ddxx159.com/api/user/bindsms
[运行时间：0.015372s] [吞吐率：65.05req/s] [内存消耗：1,664.77kb] [文件加载：59]
[ info ] [ LANG ] D:\wwwroot\app.ddxx159.com\thinkphp\lang\zh-cn.php
---------------------------------------------------------------
[ 2019-09-30T12:30:06+08:00 ] 27.26.237.95 POST app.ddxx159.com/api/user/bindsms
[运行时间：0.013824s] [吞吐率：72.34req/s] [内存消耗：1,664.77kb] [文件加载：59]
[ info ] [ LANG ] D:\wwwroot\app.ddxx159.com\thinkphp\lang\zh-cn.php
---------------------------------------------------------------
[ 2019-09-30T12:31:31+08:00 ] 27.26.237.95 POST app.ddxx159.com/api/user/bindsms
[运行时间：0.015454s] [吞吐率：64.71req/s] [内存消耗：1,664.77kb] [文件加载：59]
[ info ] [ LANG ] D:\wwwroot\app.ddxx159.com\thinkphp\lang\zh-cn.php
---------------------------------------------------------------
[ 2019-09-30T12:31:44+08:00 ] 27.26.237.95 POST app.ddxx159.com/api/user/banks
[运行时间：0.013487s] [吞吐率：74.14req/s] [内存消耗：1,664.41kb] [文件加载：59]
[ info ] [ LANG ] D:\wwwroot\app.ddxx159.com\thinkphp\lang\zh-cn.php
---------------------------------------------------------------
[ 2019-09-30T12:31:47+08:00 ] 27.26.237.95 POST app.ddxx159.com/api/user/banks
[运行时间：0.013232s] [吞吐率：75.57req/s] [内存消耗：1,664.41kb] [文件加载：59]
[ info ] [ LANG ] D:\wwwroot\app.ddxx159.com\thinkphp\lang\zh-cn.php
---------------------------------------------------------------
[ 2019-09-30T12:31:50+08:00 ] 27.26.237.95 POST app.ddxx159.com/api/user/banks
[运行时间：0.013305s] [吞吐率：75.16req/s] [内存消耗：1,664.41kb] [文件加载：59]
[ info ] [ LANG ] D:\wwwroot\app.ddxx159.com\thinkphp\lang\zh-cn.php
---------------------------------------------------------------
[ 2019-09-30T12:31:54+08:00 ] 27.26.237.95 POST app.ddxx159.com/api/user/banks
[运行时间：0.013200s] [吞吐率：75.76req/s] [内存消耗：1,664.41kb] [文件加载：59]
[ info ] [ LANG ] D:\wwwroot\app.ddxx159.com\thinkphp\lang\zh-cn.php
---------------------------------------------------------------
[ 2019-09-30T12:31:56+08:00 ] 27.26.237.95 POST app.ddxx159.com/api/user/banks
[运行时间：0.013117s] [吞吐率：76.24req/s] [内存消耗：1,664.41kb] [文件加载：59]
[ info ] [ LANG ] D:\wwwroot\app.ddxx159.com\thinkphp\lang\zh-cn.php
---------------------------------------------------------------
[ 2019-09-30T12:32:02+08:00 ] 27.26.237.95 POST app.ddxx159.com/api/user/banks
[运行时间：0.013438s] [吞吐率：74.42req/s] [内存消耗：1,664.41kb] [文件加载：59]
[ info ] [ LANG ] D:\wwwroot\app.ddxx159.com\thinkphp\lang\zh-cn.php
---------------------------------------------------------------
[ 2019-09-30T12:32:04+08:00 ] 27.26.237.95 POST app.ddxx159.com/api/user/banks
[运行时间：0.013050s] [吞吐率：76.63req/s] [内存消耗：1,664.41kb] [文件加载：59]
[ info ] [ LANG ] D:\wwwroot\app.ddxx159.com\thinkphp\lang\zh-cn.php
---------------------------------------------------------------
[ 2019-09-30T12:32:28+08:00 ] 27.26.237.95 POST app.ddxx159.com/api/user/banks
[运行时间：0.013541s] [吞吐率：73.85req/s] [内存消耗：1,664.41kb] [文件加载：59]
[ info ] [ LANG ] D:\wwwroot\app.ddxx159.com\thinkphp\lang\zh-cn.php
---------------------------------------------------------------
[ 2019-09-30T12:32:30+08:00 ] 27.26.237.95 POST app.ddxx159.com/api/user/credits
[运行时间：0.013420s] [吞吐率：74.52req/s] [内存消耗：1,664.79kb] [文件加载：59]
[ info ] [ LANG ] D:\wwwroot\app.ddxx159.com\thinkphp\lang\zh-cn.php
---------------------------------------------------------------
[ 2019-09-30T12:32:32+08:00 ] 27.26.237.95 POST app.ddxx159.com/api/user/index
[运行时间：0.013137s] [吞吐率：76.12req/s] [内存消耗：1,664.79kb] [文件加载：59]
[ info ] [ LANG ] D:\wwwroot\app.ddxx159.com\thinkphp\lang\zh-cn.php
---------------------------------------------------------------
[ 2019-09-30T12:32:32+08:00 ] 27.26.237.95 POST app.ddxx159.com/api/user/index
[运行时间：0.013168s] [吞吐率：75.94req/s] [内存消耗：1,664.79kb] [文件加载：59]
[ info ] [ LANG ] D:\wwwroot\app.ddxx159.com\thinkphp\lang\zh-cn.php
---------------------------------------------------------------
[ 2019-09-30T12:32:32+08:00 ] 27.26.237.95 POST app.ddxx159.com/api/index/index
[运行时间：0.015721s] [吞吐率：63.61req/s] [内存消耗：1,664.79kb] [文件加载：59]
[ info ] [ LANG ] D:\wwwroot\app.ddxx159.com\thinkphp\lang\zh-cn.php
---------------------------------------------------------------
[ 2019-09-30T12:32:32+08:00 ] 27.26.237.95 POST app.ddxx159.com/api/index/index
[运行时间：0.015831s] [吞吐率：63.17req/s] [内存消耗：1,664.79kb] [文件加载：59]
[ info ] [ LANG ] D:\wwwroot\app.ddxx159.com\thinkphp\lang\zh-cn.php
---------------------------------------------------------------
[ 2019-09-30T13:08:08+08:00 ] 58.251.121.185 GET dscjall.diyunkeji.com/admin.html
[运行时间：0.195658s] [吞吐率：5.11req/s] [内存消耗：3,056.36kb] [文件加载：79]
[ info ] [ LANG ] D:\wwwroot\app.ddxx159.com\thinkphp\lang\zh-cn.php
[ info ] [ ROUTE ] array (
)
[ info ] [ HEADER ] array (
  'connection' => 'close',
  'user-agent' => 'Mozilla/5.0 (iPhone; CPU iPhone OS 9_3_4 like Mac OS X) AppleWebKit/601.1.46 (KHTML, like Gecko) Mobile/13G35 QQ/6.5.3.410 V1_IPH_SQ_6.5.3_1_APP_A Pixel/750 Core/UIWebView NetType/2G Mem/117',
  'accept-language' => 'zh-cn',
  'accept' => '*/*',
  'accept-encoding' => 'deflate, gzip',
  'host' => 'dscjall.diyunkeji.com',
)
[ info ] [ PARAM ] array (
)
[ info ] [ DB ] INIT mysql
---------------------------------------------------------------
[ 2019-09-30T13:08:08+08:00 ] 58.251.121.185 GET dscjall.diyunkeji.com/admin/login.html
[运行时间：0.291464s] [吞吐率：3.43req/s] [内存消耗：3,264.86kb] [文件加载：77]
[ info ] [ LANG ] D:\wwwroot\app.ddxx159.com\thinkphp\lang\zh-cn.php
[ info ] [ ROUTE ] array (
)
[ info ] [ HEADER ] array (
  'connection' => 'close',
  'user-agent' => 'Mozilla/5.0 (iPhone; CPU iPhone OS 9_3_4 like Mac OS X) AppleWebKit/601.1.46 (KHTML, like Gecko) Mobile/13G35 QQ/6.5.3.410 V1_IPH_SQ_6.5.3_1_APP_A Pixel/750 Core/UIWebView NetType/2G Mem/117',
  'accept-language' => 'zh-cn',
  'accept' => '*/*',
  'referer' => 'http://dscjall.diyunkeji.com/admin.html',
  'accept-encoding' => 'deflate, gzip',
  'host' => 'dscjall.diyunkeji.com',
)
[ info ] [ PARAM ] array (
)
[ info ] [ DB ] INIT mysql
[ info ] [ VIEW ] D:\wwwroot\app.ddxx159.com\application\admin\view\login\index.html [ array (
  0 => 'classuri',
  1 => 'title',
) ]
---------------------------------------------------------------
[ 2019-09-30T14:43:24+08:00 ] 112.229.90.95 GET dscjall.diyunkeji.com/
[运行时间：0.118503s] [吞吐率：8.44req/s] [内存消耗：3,057.26kb] [文件加载：79]
[ info ] [ LANG ] D:\wwwroot\app.ddxx159.com\thinkphp\lang\zh-cn.php
[ info ] [ ROUTE ] array (
)
[ info ] [ HEADER ] array (
  'cookie' => 's6e2929b2=36ogks8ehq906lm5l42uj6a7q0; page-rows=20; s73876b25=5b3803da5e62f792cf153ced16c9208c',
  'accept-language' => 'zh-CN,zh;q=0.9',
  'accept-encoding' => 'gzip, deflate',
  'accept' => 'text/html,application/xhtml+xml,application/xml;q=0.9,image/webp,image/apng,*/*;q=0.8,application/signed-exchange;v=b3',
  'user-agent' => 'Mozilla/5.0 (Windows NT 10.0; Win64; x64) AppleWebKit/537.36 (KHTML, like Gecko) Chrome/74.0.3729.169 Safari/537.36',
  'upgrade-insecure-requests' => '1',
  'connection' => 'close',
  'host' => 'dscjall.diyunkeji.com',
)
[ info ] [ PARAM ] array (
)
[ info ] [ DB ] INIT mysql
---------------------------------------------------------------
[ 2019-09-30T14:43:25+08:00 ] 112.229.90.95 GET dscjall.diyunkeji.com/admin/login.html
[运行时间：0.350818s] [吞吐率：2.85req/s] [内存消耗：3,265.63kb] [文件加载：77]
[ info ] [ LANG ] D:\wwwroot\app.ddxx159.com\thinkphp\lang\zh-cn.php
[ info ] [ ROUTE ] array (
)
[ info ] [ HEADER ] array (
  'cookie' => 's6e2929b2=36ogks8ehq906lm5l42uj6a7q0; page-rows=20; s73876b25=5b3803da5e62f792cf153ced16c9208c; s8fa1198b=c2012f0fd5ee6047cc6ae46e41c37858',
  'accept-language' => 'zh-CN,zh;q=0.9',
  'accept-encoding' => 'gzip, deflate',
  'accept' => 'text/html,application/xhtml+xml,application/xml;q=0.9,image/webp,image/apng,*/*;q=0.8,application/signed-exchange;v=b3',
  'user-agent' => 'Mozilla/5.0 (Windows NT 10.0; Win64; x64) AppleWebKit/537.36 (KHTML, like Gecko) Chrome/74.0.3729.169 Safari/537.36',
  'upgrade-insecure-requests' => '1',
  'connection' => 'close',
  'host' => 'dscjall.diyunkeji.com',
)
[ info ] [ PARAM ] array (
)
[ info ] [ DB ] INIT mysql
[ info ] [ VIEW ] D:\wwwroot\app.ddxx159.com\application\admin\view\login\index.html [ array (
  0 => 'classuri',
  1 => 'title',
) ]
---------------------------------------------------------------
[ 2019-09-30T14:43:27+08:00 ] 112.229.90.95 POST dscjall.diyunkeji.com/admin/login.html?spm=
[运行时间：0.527886s] [吞吐率：1.89req/s] [内存消耗：3,033.84kb] [文件加载：82]
[ info ] [ LANG ] D:\wwwroot\app.ddxx159.com\thinkphp\lang\zh-cn.php
[ info ] [ ROUTE ] array (
)
[ info ] [ HEADER ] array (
  'cookie' => 's6e2929b2=36ogks8ehq906lm5l42uj6a7q0; page-rows=20; s73876b25=5b3803da5e62f792cf153ced16c9208c; s8fa1198b=c2012f0fd5ee6047cc6ae46e41c37858',
  'accept-language' => 'zh-CN,zh;q=0.9',
  'accept-encoding' => 'gzip, deflate',
  'referer' => 'http://dscjall.diyunkeji.com/admin/login.html',
  'content-type' => 'application/x-www-form-urlencoded; charset=UTF-8',
  'user-agent' => 'Mozilla/5.0 (Windows NT 10.0; Win64; x64) AppleWebKit/537.36 (KHTML, like Gecko) Chrome/74.0.3729.169 Safari/537.36',
  'x-requested-with' => 'XMLHttpRequest',
  'origin' => 'http://dscjall.diyunkeji.com',
  'accept' => '*/*',
  'content-length' => '32',
  'connection' => 'close',
  'host' => 'dscjall.diyunkeji.com',
)
[ info ] [ PARAM ] array (
  'spm' => '',
  'username' => 'admin',
  'password' => 'admin123',
)
[ info ] [ DB ] INIT mysql
---------------------------------------------------------------
[ 2019-09-30T14:43:28+08:00 ] 112.229.90.95 GET dscjall.diyunkeji.com/admin.html
[运行时间：0.584858s] [吞吐率：1.71req/s] [内存消耗：4,502.31kb] [文件加载：133]
[ info ] [ LANG ] D:\wwwroot\app.ddxx159.com\thinkphp\lang\zh-cn.php
[ info ] [ ROUTE ] array (
)
[ info ] [ HEADER ] array (
  'cookie' => 's6e2929b2=36ogks8ehq906lm5l42uj6a7q0; page-rows=20; s73876b25=5b3803da5e62f792cf153ced16c9208c; s8fa1198b=c2012f0fd5ee6047cc6ae46e41c37858',
  'accept-language' => 'zh-CN,zh;q=0.9',
  'accept-encoding' => 'gzip, deflate',
  'referer' => 'http://dscjall.diyunkeji.com/admin/login.html',
  'accept' => 'text/html,application/xhtml+xml,application/xml;q=0.9,image/webp,image/apng,*/*;q=0.8,application/signed-exchange;v=b3',
  'user-agent' => 'Mozilla/5.0 (Windows NT 10.0; Win64; x64) AppleWebKit/537.36 (KHTML, like Gecko) Chrome/74.0.3729.169 Safari/537.36',
  'upgrade-insecure-requests' => '1',
  'connection' => 'close',
  'host' => 'dscjall.diyunkeji.com',
)
[ info ] [ PARAM ] array (
)
[ info ] [ DB ] INIT mysql
[ info ] [ VIEW ] D:\wwwroot\app.ddxx159.com\application\admin\view\index\index.html [ array (
  0 => 'classuri',
  1 => 'title',
  2 => 'menus',
) ]
---------------------------------------------------------------
[ 2019-09-30T14:43:28+08:00 ] 112.229.90.95 GET dscjall.diyunkeji.com/admin/index/main.html?spm=m-7-77-78
[运行时间：0.169896s] [吞吐率：5.89req/s] [内存消耗：2,999.95kb] [文件加载：78]
[ info ] [ LANG ] D:\wwwroot\app.ddxx159.com\thinkphp\lang\zh-cn.php
[ info ] [ ROUTE ] array (
)
[ info ] [ HEADER ] array (
  'cookie' => 's6e2929b2=36ogks8ehq906lm5l42uj6a7q0; page-rows=20; s73876b25=5b3803da5e62f792cf153ced16c9208c; s8fa1198b=c2012f0fd5ee6047cc6ae46e41c37858',
  'accept-language' => 'zh-CN,zh;q=0.9',
  'accept-encoding' => 'gzip, deflate',
  'referer' => 'http://dscjall.diyunkeji.com/admin.html',
  'user-agent' => 'Mozilla/5.0 (Windows NT 10.0; Win64; x64) AppleWebKit/537.36 (KHTML, like Gecko) Chrome/74.0.3729.169 Safari/537.36',
  'x-requested-with' => 'XMLHttpRequest',
  'accept' => '*/*',
  'connection' => 'close',
  'host' => 'dscjall.diyunkeji.com',
)
[ info ] [ PARAM ] array (
  'spm' => 'm-7-77-78',
)
[ info ] [ DB ] INIT mysql
[ info ] [ VIEW ] D:\wwwroot\app.ddxx159.com\application\admin\view\index\main.html [ array (
  0 => 'classuri',
  1 => 'title',
  2 => 'think_ver',
  3 => 'mysql_ver',
) ]
---------------------------------------------------------------
[ 2019-09-30T14:49:55+08:00 ] 101.132.169.125 GET dscjall.diyunkeji.com/
[运行时间：0.154116s] [吞吐率：6.49req/s] [内存消耗：3,055.51kb] [文件加载：79]
[ info ] [ LANG ] D:\wwwroot\app.ddxx159.com\thinkphp\lang\zh-cn.php
[ info ] [ ROUTE ] array (
)
[ info ] [ HEADER ] array (
  'accept-encoding' => 'gzip',
  'connection' => 'close',
  'host' => 'dscjall.diyunkeji.com',
  'user-agent' => 'Mozilla/5.0 (X11; Ubuntu; Linux x86_64; rv:36.0) Gecko/20100101 Firefox/36.0',
)
[ info ] [ PARAM ] array (
)
[ info ] [ DB ] INIT mysql
---------------------------------------------------------------
[ 2019-09-30T14:49:55+08:00 ] 101.132.169.125 GET dscjall.diyunkeji.com/admin/login.html
[运行时间：0.304074s] [吞吐率：3.29req/s] [内存消耗：3,263.77kb] [文件加载：77]
[ info ] [ LANG ] D:\wwwroot\app.ddxx159.com\thinkphp\lang\zh-cn.php
[ info ] [ ROUTE ] array (
)
[ info ] [ HEADER ] array (
  'accept-encoding' => 'gzip',
  'connection' => 'close',
  'host' => 'dscjall.diyunkeji.com',
  'user-agent' => 'Mozilla/5.0 (X11; Ubuntu; Linux x86_64; rv:36.0) Gecko/20100101 Firefox/36.0',
)
[ info ] [ PARAM ] array (
)
[ info ] [ DB ] INIT mysql
[ info ] [ VIEW ] D:\wwwroot\app.ddxx159.com\application\admin\view\login\index.html [ array (
  0 => 'classuri',
  1 => 'title',
) ]
---------------------------------------------------------------
[ 2019-09-30T16:20:42+08:00 ] 183.136.190.62 GET app.ddxx159.com/
[运行时间：0.142150s] [吞吐率：7.03req/s] [内存消耗：3,056.34kb] [文件加载：79]
[ info ] [ LANG ] D:\wwwroot\app.ddxx159.com\thinkphp\lang\zh-cn.php
[ info ] [ ROUTE ] array (
)
[ info ] [ HEADER ] array (
  'connection' => 'close',
  'cache-control' => 'max-age=0',
  'accept-language' => 'zh-CN,zh;q=0.8',
  'accept-encoding' => '',
  'accept' => 'text/html,application/xhtml+xml,application/xml;q=0.9,image/webp,*/*;q=0.8',
  'user-agent' => 'Mozilla/5.0 (Windows NT 6.1) AppleWebKit/537.36 (KHTML, like Gecko) Chrome/35.0.1916.153 Safari/537.36',
  'host' => 'app.ddxx159.com',
)
[ info ] [ PARAM ] array (
)
[ info ] [ DB ] INIT mysql
---------------------------------------------------------------
[ 2019-09-30T17:40:29+08:00 ] 47.98.103.57 GET app.ddxx159.com/
[运行时间：0.161591s] [吞吐率：6.19req/s] [内存消耗：3,055.47kb] [文件加载：79]
[ info ] [ LANG ] D:\wwwroot\app.ddxx159.com\thinkphp\lang\zh-cn.php
[ info ] [ ROUTE ] array (
)
[ info ] [ HEADER ] array (
  'accept-encoding' => 'gzip',
  'connection' => 'close',
  'host' => 'app.ddxx159.com',
  'user-agent' => 'Mozilla/5.0 (X11; Ubuntu; Linux x86_64; rv:36.0) Gecko/20100101 Firefox/36.0',
)
[ info ] [ PARAM ] array (
)
[ info ] [ DB ] INIT mysql
---------------------------------------------------------------
[ 2019-09-30T17:40:29+08:00 ] 47.98.103.57 GET app.ddxx159.com/admin/login.html
[运行时间：0.318059s] [吞吐率：3.14req/s] [内存消耗：3,263.73kb] [文件加载：77]
[ info ] [ LANG ] D:\wwwroot\app.ddxx159.com\thinkphp\lang\zh-cn.php
[ info ] [ ROUTE ] array (
)
[ info ] [ HEADER ] array (
  'accept-encoding' => 'gzip',
  'connection' => 'close',
  'host' => 'app.ddxx159.com',
  'user-agent' => 'Mozilla/5.0 (X11; Ubuntu; Linux x86_64; rv:36.0) Gecko/20100101 Firefox/36.0',
)
[ info ] [ PARAM ] array (
)
[ info ] [ DB ] INIT mysql
[ info ] [ VIEW ] D:\wwwroot\app.ddxx159.com\application\admin\view\login\index.html [ array (
  0 => 'classuri',
  1 => 'title',
) ]
---------------------------------------------------------------
[ 2019-09-30T18:01:36+08:00 ] 27.218.0.124 GET dscjall.diyunkeji.com/
[运行时间：0.682364s] [吞吐率：1.47req/s] [内存消耗：3,064.08kb] [文件加载：79]
[ info ] [ LANG ] D:\wwwroot\app.ddxx159.com\thinkphp\lang\zh-cn.php
[ info ] [ ROUTE ] array (
)
[ info ] [ HEADER ] array (
  'cookie' => 'UM_distinctid=16a9179779b26a-00ee72d3ff5439-6353160-e1000-16a9179779c36c',
  'accept-language' => 'zh-CN,zh;q=0.9,en;q=0.8,sq;q=0.7,ar;q=0.6,an;q=0.5,am;q=0.4,az;q=0.3,ast;q=0.2,ga;q=0.1,et;q=0.1,oc;q=0.1,or;q=0.1,om;q=0.1,eu;q=0.1,be;q=0.1,bg;q=0.1,is;q=0.1,pl;q=0.1,bs;q=0.1,fa;q=0.1,br;q=0.1,tt;q=0.1,da;q=0.1,de;q=0.1,de-AT;q=0.1,de-DE;q=0.1,de-LI;q=0.1,de-CH;q=0.1,ru;q=0.1,fo;q=0.1,fr;q=0.1,fr-FR;q=0.1,fr-CA;q=0.1,fr-CH;q=0.1,fil;q=0.1,fi;q=0.1,qu;q=0.1,km;q=0.1,ka;q=0.1,gu;q=0.1,gn;q=0.1,ia;q=0.1,kk;q=0.1,ko;q=0.1,ha;q=0.1,nl;q=0.1,ky;q=0.1,gl;q=0.1,ca;q=0.1,cs;q=0.1,kn;q=0.1,xh;q=0.1,co;q=0.1,hr;q=0.1,ku;q=0.1,la;q=0.1,lv;q=0.1,lo;q=0.1,lt;q=0.1,ln;q=0.1,lb;q=0.1,ro;q=0.1,mo;q=0.1,rm;q=0.1,mt;q=0.1,mr;q=0.1,ml;q=0.1,ms;q=0.1,mk;q=0.1,mn;q=0.1,bn;q=0.1,hmn;q=0.1,af;q=0.1,st;q=0.1,ne;q=0.1,nb;q=0.1,nn;q=0.1,no;q=0.1,pa;q=0.1,pt;q=0.1,pt-BR;q=0.1,pt-PT;q=0.1,ps;q=0.1,tw;q=0.1,ja;q=0.1,sv;q=0.1,sm;q=0.1,sh;q=0.1,sr;q=0.1,si;q=0.1,sn;q=0.1,eo;q=0.1,sk;q=0.1,sl;q=0.1,sw;q=0.1,gd;q=0.1,so;q=0.1,tg;q=0.1,te;q=0.1,ta;q=0.1,th;q=0.1,to;q=0.1,ti;q=0.1,tr;q=0.1,tk;q=0.1,wa;q=0.1,cy;q=0.1,ug;q=0.1,ur;q=0.1,uk;q=0.1,uz;q=0.1,es;q=0.1,es-AR;q=0.1,es-CO;q=0.1,es-CR;q=0.1,es-HN;q=0.1,es-419;q=0.1,es-US;q=0.1,es-PE;q=0.1,es-MX;q=0.1,es-VE;q=0.1,es-UY;q=0.1,es-ES;q=0.1,es-CL;q=0.1,fy;q=0.1,he;q=0.1,el;q=0.1,haw;q=0.1,sd;q=0.1,hu;q=0.1,su;q=0.1,hy;q=0.1,it;q=0.1,it-CH;q=0.1,it-IT;q=0.1,yi;q=0.1,hi;q=0.1,id;q=0.1,en-AU;q=0.1,en-CA;q=0.1,en-US;q=0.1,en-ZA;q=0.1,en-NZ;q=0.1,en-IN;q=0.1,en-GB;q=0.1,yo;q=0.1,vi;q=0.1,jv;q=0.1,ckb;q=0.1,zh-TW;q=0.1,zu;q=0.1,zh-HK;q=0.1',
  'accept-encoding' => 'gzip, deflate',
  'accept' => 'text/html,application/xhtml+xml,application/xml;q=0.9,image/webp,image/apng,*/*;q=0.8,application/signed-exchange;v=b3',
  'user-agent' => 'Mozilla/5.0 (Windows NT 10.0; Win64; x64) AppleWebKit/537.36 (KHTML, like Gecko) Chrome/77.0.3865.90 Safari/537.36',
  'upgrade-insecure-requests' => '1',
  'connection' => 'close',
  'host' => 'dscjall.diyunkeji.com',
)
[ info ] [ PARAM ] array (
)
[ info ] [ DB ] INIT mysql
---------------------------------------------------------------
[ 2019-09-30T18:01:36+08:00 ] 27.218.0.124 GET dscjall.diyunkeji.com/admin/login.html
[运行时间：0.316483s] [吞吐率：3.16req/s] [内存消耗：3,272.06kb] [文件加载：77]
[ info ] [ LANG ] D:\wwwroot\app.ddxx159.com\thinkphp\lang\zh-cn.php
[ info ] [ ROUTE ] array (
)
[ info ] [ HEADER ] array (
  'cookie' => 'UM_distinctid=16a9179779b26a-00ee72d3ff5439-6353160-e1000-16a9179779c36c; s8fa1198b=c5af110248edbe85d9319cea41725b11',
  'accept-language' => 'zh-CN,zh;q=0.9,en;q=0.8,sq;q=0.7,ar;q=0.6,an;q=0.5,am;q=0.4,az;q=0.3,ast;q=0.2,ga;q=0.1,et;q=0.1,oc;q=0.1,or;q=0.1,om;q=0.1,eu;q=0.1,be;q=0.1,bg;q=0.1,is;q=0.1,pl;q=0.1,bs;q=0.1,fa;q=0.1,br;q=0.1,tt;q=0.1,da;q=0.1,de;q=0.1,de-AT;q=0.1,de-DE;q=0.1,de-LI;q=0.1,de-CH;q=0.1,ru;q=0.1,fo;q=0.1,fr;q=0.1,fr-FR;q=0.1,fr-CA;q=0.1,fr-CH;q=0.1,fil;q=0.1,fi;q=0.1,qu;q=0.1,km;q=0.1,ka;q=0.1,gu;q=0.1,gn;q=0.1,ia;q=0.1,kk;q=0.1,ko;q=0.1,ha;q=0.1,nl;q=0.1,ky;q=0.1,gl;q=0.1,ca;q=0.1,cs;q=0.1,kn;q=0.1,xh;q=0.1,co;q=0.1,hr;q=0.1,ku;q=0.1,la;q=0.1,lv;q=0.1,lo;q=0.1,lt;q=0.1,ln;q=0.1,lb;q=0.1,ro;q=0.1,mo;q=0.1,rm;q=0.1,mt;q=0.1,mr;q=0.1,ml;q=0.1,ms;q=0.1,mk;q=0.1,mn;q=0.1,bn;q=0.1,hmn;q=0.1,af;q=0.1,st;q=0.1,ne;q=0.1,nb;q=0.1,nn;q=0.1,no;q=0.1,pa;q=0.1,pt;q=0.1,pt-BR;q=0.1,pt-PT;q=0.1,ps;q=0.1,tw;q=0.1,ja;q=0.1,sv;q=0.1,sm;q=0.1,sh;q=0.1,sr;q=0.1,si;q=0.1,sn;q=0.1,eo;q=0.1,sk;q=0.1,sl;q=0.1,sw;q=0.1,gd;q=0.1,so;q=0.1,tg;q=0.1,te;q=0.1,ta;q=0.1,th;q=0.1,to;q=0.1,ti;q=0.1,tr;q=0.1,tk;q=0.1,wa;q=0.1,cy;q=0.1,ug;q=0.1,ur;q=0.1,uk;q=0.1,uz;q=0.1,es;q=0.1,es-AR;q=0.1,es-CO;q=0.1,es-CR;q=0.1,es-HN;q=0.1,es-419;q=0.1,es-US;q=0.1,es-PE;q=0.1,es-MX;q=0.1,es-VE;q=0.1,es-UY;q=0.1,es-ES;q=0.1,es-CL;q=0.1,fy;q=0.1,he;q=0.1,el;q=0.1,haw;q=0.1,sd;q=0.1,hu;q=0.1,su;q=0.1,hy;q=0.1,it;q=0.1,it-CH;q=0.1,it-IT;q=0.1,yi;q=0.1,hi;q=0.1,id;q=0.1,en-AU;q=0.1,en-CA;q=0.1,en-US;q=0.1,en-ZA;q=0.1,en-NZ;q=0.1,en-IN;q=0.1,en-GB;q=0.1,yo;q=0.1,vi;q=0.1,jv;q=0.1,ckb;q=0.1,zh-TW;q=0.1,zu;q=0.1,zh-HK;q=0.1',
  'accept-encoding' => 'gzip, deflate',
  'accept' => 'text/html,application/xhtml+xml,application/xml;q=0.9,image/webp,image/apng,*/*;q=0.8,application/signed-exchange;v=b3',
  'user-agent' => 'Mozilla/5.0 (Windows NT 10.0; Win64; x64) AppleWebKit/537.36 (KHTML, like Gecko) Chrome/77.0.3865.90 Safari/537.36',
  'upgrade-insecure-requests' => '1',
  'connection' => 'close',
  'host' => 'dscjall.diyunkeji.com',
)
[ info ] [ PARAM ] array (
)
[ info ] [ DB ] INIT mysql
[ info ] [ VIEW ] D:\wwwroot\app.ddxx159.com\application\admin\view\login\index.html [ array (
  0 => 'classuri',
  1 => 'title',
) ]
---------------------------------------------------------------
[ 2019-09-30T18:01:39+08:00 ] 27.218.0.124 POST dscjall.diyunkeji.com/admin/login.html?spm=
[运行时间：0.427527s] [吞吐率：2.34req/s] [内存消耗：3,040.27kb] [文件加载：82]
[ info ] [ LANG ] D:\wwwroot\app.ddxx159.com\thinkphp\lang\zh-cn.php
[ info ] [ ROUTE ] array (
)
[ info ] [ HEADER ] array (
  'cookie' => 'UM_distinctid=16a9179779b26a-00ee72d3ff5439-6353160-e1000-16a9179779c36c; s8fa1198b=c5af110248edbe85d9319cea41725b11',
  'accept-language' => 'zh-CN,zh;q=0.9,en;q=0.8,sq;q=0.7,ar;q=0.6,an;q=0.5,am;q=0.4,az;q=0.3,ast;q=0.2,ga;q=0.1,et;q=0.1,oc;q=0.1,or;q=0.1,om;q=0.1,eu;q=0.1,be;q=0.1,bg;q=0.1,is;q=0.1,pl;q=0.1,bs;q=0.1,fa;q=0.1,br;q=0.1,tt;q=0.1,da;q=0.1,de;q=0.1,de-AT;q=0.1,de-DE;q=0.1,de-LI;q=0.1,de-CH;q=0.1,ru;q=0.1,fo;q=0.1,fr;q=0.1,fr-FR;q=0.1,fr-CA;q=0.1,fr-CH;q=0.1,fil;q=0.1,fi;q=0.1,qu;q=0.1,km;q=0.1,ka;q=0.1,gu;q=0.1,gn;q=0.1,ia;q=0.1,kk;q=0.1,ko;q=0.1,ha;q=0.1,nl;q=0.1,ky;q=0.1,gl;q=0.1,ca;q=0.1,cs;q=0.1,kn;q=0.1,xh;q=0.1,co;q=0.1,hr;q=0.1,ku;q=0.1,la;q=0.1,lv;q=0.1,lo;q=0.1,lt;q=0.1,ln;q=0.1,lb;q=0.1,ro;q=0.1,mo;q=0.1,rm;q=0.1,mt;q=0.1,mr;q=0.1,ml;q=0.1,ms;q=0.1,mk;q=0.1,mn;q=0.1,bn;q=0.1,hmn;q=0.1,af;q=0.1,st;q=0.1,ne;q=0.1,nb;q=0.1,nn;q=0.1,no;q=0.1,pa;q=0.1,pt;q=0.1,pt-BR;q=0.1,pt-PT;q=0.1,ps;q=0.1,tw;q=0.1,ja;q=0.1,sv;q=0.1,sm;q=0.1,sh;q=0.1,sr;q=0.1,si;q=0.1,sn;q=0.1,eo;q=0.1,sk;q=0.1,sl;q=0.1,sw;q=0.1,gd;q=0.1,so;q=0.1,tg;q=0.1,te;q=0.1,ta;q=0.1,th;q=0.1,to;q=0.1,ti;q=0.1,tr;q=0.1,tk;q=0.1,wa;q=0.1,cy;q=0.1,ug;q=0.1,ur;q=0.1,uk;q=0.1,uz;q=0.1,es;q=0.1,es-AR;q=0.1,es-CO;q=0.1,es-CR;q=0.1,es-HN;q=0.1,es-419;q=0.1,es-US;q=0.1,es-PE;q=0.1,es-MX;q=0.1,es-VE;q=0.1,es-UY;q=0.1,es-ES;q=0.1,es-CL;q=0.1,fy;q=0.1,he;q=0.1,el;q=0.1,haw;q=0.1,sd;q=0.1,hu;q=0.1,su;q=0.1,hy;q=0.1,it;q=0.1,it-CH;q=0.1,it-IT;q=0.1,yi;q=0.1,hi;q=0.1,id;q=0.1,en-AU;q=0.1,en-CA;q=0.1,en-US;q=0.1,en-ZA;q=0.1,en-NZ;q=0.1,en-IN;q=0.1,en-GB;q=0.1,yo;q=0.1,vi;q=0.1,jv;q=0.1,ckb;q=0.1,zh-TW;q=0.1,zu;q=0.1,zh-HK;q=0.1',
  'accept-encoding' => 'gzip, deflate',
  'referer' => 'http://dscjall.diyunkeji.com/admin/login.html',
  'content-type' => 'application/x-www-form-urlencoded; charset=UTF-8',
  'user-agent' => 'Mozilla/5.0 (Windows NT 10.0; Win64; x64) AppleWebKit/537.36 (KHTML, like Gecko) Chrome/77.0.3865.90 Safari/537.36',
  'x-requested-with' => 'XMLHttpRequest',
  'origin' => 'http://dscjall.diyunkeji.com',
  'accept' => '*/*',
  'content-length' => '32',
  'connection' => 'close',
  'host' => 'dscjall.diyunkeji.com',
)
[ info ] [ PARAM ] array (
  'spm' => '',
  'username' => 'admin',
  'password' => 'admin123',
)
[ info ] [ DB ] INIT mysql
---------------------------------------------------------------
[ 2019-09-30T18:01:40+08:00 ] 27.218.0.124 GET dscjall.diyunkeji.com/admin.html
[运行时间：0.954219s] [吞吐率：1.05req/s] [内存消耗：4,508.49kb] [文件加载：133]
[ info ] [ LANG ] D:\wwwroot\app.ddxx159.com\thinkphp\lang\zh-cn.php
[ info ] [ ROUTE ] array (
)
[ info ] [ HEADER ] array (
  'cookie' => 'UM_distinctid=16a9179779b26a-00ee72d3ff5439-6353160-e1000-16a9179779c36c; s8fa1198b=c5af110248edbe85d9319cea41725b11',
  'accept-language' => 'zh-CN,zh;q=0.9,en;q=0.8,sq;q=0.7,ar;q=0.6,an;q=0.5,am;q=0.4,az;q=0.3,ast;q=0.2,ga;q=0.1,et;q=0.1,oc;q=0.1,or;q=0.1,om;q=0.1,eu;q=0.1,be;q=0.1,bg;q=0.1,is;q=0.1,pl;q=0.1,bs;q=0.1,fa;q=0.1,br;q=0.1,tt;q=0.1,da;q=0.1,de;q=0.1,de-AT;q=0.1,de-DE;q=0.1,de-LI;q=0.1,de-CH;q=0.1,ru;q=0.1,fo;q=0.1,fr;q=0.1,fr-FR;q=0.1,fr-CA;q=0.1,fr-CH;q=0.1,fil;q=0.1,fi;q=0.1,qu;q=0.1,km;q=0.1,ka;q=0.1,gu;q=0.1,gn;q=0.1,ia;q=0.1,kk;q=0.1,ko;q=0.1,ha;q=0.1,nl;q=0.1,ky;q=0.1,gl;q=0.1,ca;q=0.1,cs;q=0.1,kn;q=0.1,xh;q=0.1,co;q=0.1,hr;q=0.1,ku;q=0.1,la;q=0.1,lv;q=0.1,lo;q=0.1,lt;q=0.1,ln;q=0.1,lb;q=0.1,ro;q=0.1,mo;q=0.1,rm;q=0.1,mt;q=0.1,mr;q=0.1,ml;q=0.1,ms;q=0.1,mk;q=0.1,mn;q=0.1,bn;q=0.1,hmn;q=0.1,af;q=0.1,st;q=0.1,ne;q=0.1,nb;q=0.1,nn;q=0.1,no;q=0.1,pa;q=0.1,pt;q=0.1,pt-BR;q=0.1,pt-PT;q=0.1,ps;q=0.1,tw;q=0.1,ja;q=0.1,sv;q=0.1,sm;q=0.1,sh;q=0.1,sr;q=0.1,si;q=0.1,sn;q=0.1,eo;q=0.1,sk;q=0.1,sl;q=0.1,sw;q=0.1,gd;q=0.1,so;q=0.1,tg;q=0.1,te;q=0.1,ta;q=0.1,th;q=0.1,to;q=0.1,ti;q=0.1,tr;q=0.1,tk;q=0.1,wa;q=0.1,cy;q=0.1,ug;q=0.1,ur;q=0.1,uk;q=0.1,uz;q=0.1,es;q=0.1,es-AR;q=0.1,es-CO;q=0.1,es-CR;q=0.1,es-HN;q=0.1,es-419;q=0.1,es-US;q=0.1,es-PE;q=0.1,es-MX;q=0.1,es-VE;q=0.1,es-UY;q=0.1,es-ES;q=0.1,es-CL;q=0.1,fy;q=0.1,he;q=0.1,el;q=0.1,haw;q=0.1,sd;q=0.1,hu;q=0.1,su;q=0.1,hy;q=0.1,it;q=0.1,it-CH;q=0.1,it-IT;q=0.1,yi;q=0.1,hi;q=0.1,id;q=0.1,en-AU;q=0.1,en-CA;q=0.1,en-US;q=0.1,en-ZA;q=0.1,en-NZ;q=0.1,en-IN;q=0.1,en-GB;q=0.1,yo;q=0.1,vi;q=0.1,jv;q=0.1,ckb;q=0.1,zh-TW;q=0.1,zu;q=0.1,zh-HK;q=0.1',
  'accept-encoding' => 'gzip, deflate',
  'referer' => 'http://dscjall.diyunkeji.com/admin/login.html',
  'accept' => 'text/html,application/xhtml+xml,application/xml;q=0.9,image/webp,image/apng,*/*;q=0.8,application/signed-exchange;v=b3',
  'user-agent' => 'Mozilla/5.0 (Windows NT 10.0; Win64; x64) AppleWebKit/537.36 (KHTML, like Gecko) Chrome/77.0.3865.90 Safari/537.36',
  'upgrade-insecure-requests' => '1',
  'connection' => 'close',
  'host' => 'dscjall.diyunkeji.com',
)
[ info ] [ PARAM ] array (
)
[ info ] [ DB ] INIT mysql
[ info ] [ VIEW ] D:\wwwroot\app.ddxx159.com\application\admin\view\index\index.html [ array (
  0 => 'classuri',
  1 => 'title',
  2 => 'menus',
) ]
---------------------------------------------------------------
[ 2019-09-30T18:01:40+08:00 ] 27.218.0.124 GET dscjall.diyunkeji.com/admin/index/main.html?spm=m-7-77-78
[运行时间：0.232233s] [吞吐率：4.31req/s] [内存消耗：3,006.13kb] [文件加载：78]
[ info ] [ LANG ] D:\wwwroot\app.ddxx159.com\thinkphp\lang\zh-cn.php
[ info ] [ ROUTE ] array (
)
[ info ] [ HEADER ] array (
  'cookie' => 'UM_distinctid=16a9179779b26a-00ee72d3ff5439-6353160-e1000-16a9179779c36c; s8fa1198b=c5af110248edbe85d9319cea41725b11',
  'accept-language' => 'zh-CN,zh;q=0.9,en;q=0.8,sq;q=0.7,ar;q=0.6,an;q=0.5,am;q=0.4,az;q=0.3,ast;q=0.2,ga;q=0.1,et;q=0.1,oc;q=0.1,or;q=0.1,om;q=0.1,eu;q=0.1,be;q=0.1,bg;q=0.1,is;q=0.1,pl;q=0.1,bs;q=0.1,fa;q=0.1,br;q=0.1,tt;q=0.1,da;q=0.1,de;q=0.1,de-AT;q=0.1,de-DE;q=0.1,de-LI;q=0.1,de-CH;q=0.1,ru;q=0.1,fo;q=0.1,fr;q=0.1,fr-FR;q=0.1,fr-CA;q=0.1,fr-CH;q=0.1,fil;q=0.1,fi;q=0.1,qu;q=0.1,km;q=0.1,ka;q=0.1,gu;q=0.1,gn;q=0.1,ia;q=0.1,kk;q=0.1,ko;q=0.1,ha;q=0.1,nl;q=0.1,ky;q=0.1,gl;q=0.1,ca;q=0.1,cs;q=0.1,kn;q=0.1,xh;q=0.1,co;q=0.1,hr;q=0.1,ku;q=0.1,la;q=0.1,lv;q=0.1,lo;q=0.1,lt;q=0.1,ln;q=0.1,lb;q=0.1,ro;q=0.1,mo;q=0.1,rm;q=0.1,mt;q=0.1,mr;q=0.1,ml;q=0.1,ms;q=0.1,mk;q=0.1,mn;q=0.1,bn;q=0.1,hmn;q=0.1,af;q=0.1,st;q=0.1,ne;q=0.1,nb;q=0.1,nn;q=0.1,no;q=0.1,pa;q=0.1,pt;q=0.1,pt-BR;q=0.1,pt-PT;q=0.1,ps;q=0.1,tw;q=0.1,ja;q=0.1,sv;q=0.1,sm;q=0.1,sh;q=0.1,sr;q=0.1,si;q=0.1,sn;q=0.1,eo;q=0.1,sk;q=0.1,sl;q=0.1,sw;q=0.1,gd;q=0.1,so;q=0.1,tg;q=0.1,te;q=0.1,ta;q=0.1,th;q=0.1,to;q=0.1,ti;q=0.1,tr;q=0.1,tk;q=0.1,wa;q=0.1,cy;q=0.1,ug;q=0.1,ur;q=0.1,uk;q=0.1,uz;q=0.1,es;q=0.1,es-AR;q=0.1,es-CO;q=0.1,es-CR;q=0.1,es-HN;q=0.1,es-419;q=0.1,es-US;q=0.1,es-PE;q=0.1,es-MX;q=0.1,es-VE;q=0.1,es-UY;q=0.1,es-ES;q=0.1,es-CL;q=0.1,fy;q=0.1,he;q=0.1,el;q=0.1,haw;q=0.1,sd;q=0.1,hu;q=0.1,su;q=0.1,hy;q=0.1,it;q=0.1,it-CH;q=0.1,it-IT;q=0.1,yi;q=0.1,hi;q=0.1,id;q=0.1,en-AU;q=0.1,en-CA;q=0.1,en-US;q=0.1,en-ZA;q=0.1,en-NZ;q=0.1,en-IN;q=0.1,en-GB;q=0.1,yo;q=0.1,vi;q=0.1,jv;q=0.1,ckb;q=0.1,zh-TW;q=0.1,zu;q=0.1,zh-HK;q=0.1',
  'accept-encoding' => 'gzip, deflate',
  'referer' => 'http://dscjall.diyunkeji.com/admin.html',
  'user-agent' => 'Mozilla/5.0 (Windows NT 10.0; Win64; x64) AppleWebKit/537.36 (KHTML, like Gecko) Chrome/77.0.3865.90 Safari/537.36',
  'x-requested-with' => 'XMLHttpRequest',
  'accept' => '*/*',
  'connection' => 'close',
  'host' => 'dscjall.diyunkeji.com',
)
[ info ] [ PARAM ] array (
  'spm' => 'm-7-77-78',
)
[ info ] [ DB ] INIT mysql
[ info ] [ VIEW ] D:\wwwroot\app.ddxx159.com\application\admin\view\index\main.html [ array (
  0 => 'classuri',
  1 => 'title',
  2 => 'think_ver',
  3 => 'mysql_ver',
) ]
---------------------------------------------------------------
[ 2019-09-30T18:01:46+08:00 ] 27.218.0.124 GET dscjall.diyunkeji.com/admin/member/index.html?spm=m-43-44-45
[运行时间：3.499383s] [吞吐率：0.29req/s] [内存消耗：3,537.38kb] [文件加载：86]
[ info ] [ LANG ] D:\wwwroot\app.ddxx159.com\thinkphp\lang\zh-cn.php
[ info ] [ ROUTE ] array (
)
[ info ] [ HEADER ] array (
  'cookie' => 'UM_distinctid=16a9179779b26a-00ee72d3ff5439-6353160-e1000-16a9179779c36c; s8fa1198b=c5af110248edbe85d9319cea41725b11',
  'accept-language' => 'zh-CN,zh;q=0.9,en;q=0.8,sq;q=0.7,ar;q=0.6,an;q=0.5,am;q=0.4,az;q=0.3,ast;q=0.2,ga;q=0.1,et;q=0.1,oc;q=0.1,or;q=0.1,om;q=0.1,eu;q=0.1,be;q=0.1,bg;q=0.1,is;q=0.1,pl;q=0.1,bs;q=0.1,fa;q=0.1,br;q=0.1,tt;q=0.1,da;q=0.1,de;q=0.1,de-AT;q=0.1,de-DE;q=0.1,de-LI;q=0.1,de-CH;q=0.1,ru;q=0.1,fo;q=0.1,fr;q=0.1,fr-FR;q=0.1,fr-CA;q=0.1,fr-CH;q=0.1,fil;q=0.1,fi;q=0.1,qu;q=0.1,km;q=0.1,ka;q=0.1,gu;q=0.1,gn;q=0.1,ia;q=0.1,kk;q=0.1,ko;q=0.1,ha;q=0.1,nl;q=0.1,ky;q=0.1,gl;q=0.1,ca;q=0.1,cs;q=0.1,kn;q=0.1,xh;q=0.1,co;q=0.1,hr;q=0.1,ku;q=0.1,la;q=0.1,lv;q=0.1,lo;q=0.1,lt;q=0.1,ln;q=0.1,lb;q=0.1,ro;q=0.1,mo;q=0.1,rm;q=0.1,mt;q=0.1,mr;q=0.1,ml;q=0.1,ms;q=0.1,mk;q=0.1,mn;q=0.1,bn;q=0.1,hmn;q=0.1,af;q=0.1,st;q=0.1,ne;q=0.1,nb;q=0.1,nn;q=0.1,no;q=0.1,pa;q=0.1,pt;q=0.1,pt-BR;q=0.1,pt-PT;q=0.1,ps;q=0.1,tw;q=0.1,ja;q=0.1,sv;q=0.1,sm;q=0.1,sh;q=0.1,sr;q=0.1,si;q=0.1,sn;q=0.1,eo;q=0.1,sk;q=0.1,sl;q=0.1,sw;q=0.1,gd;q=0.1,so;q=0.1,tg;q=0.1,te;q=0.1,ta;q=0.1,th;q=0.1,to;q=0.1,ti;q=0.1,tr;q=0.1,tk;q=0.1,wa;q=0.1,cy;q=0.1,ug;q=0.1,ur;q=0.1,uk;q=0.1,uz;q=0.1,es;q=0.1,es-AR;q=0.1,es-CO;q=0.1,es-CR;q=0.1,es-HN;q=0.1,es-419;q=0.1,es-US;q=0.1,es-PE;q=0.1,es-MX;q=0.1,es-VE;q=0.1,es-UY;q=0.1,es-ES;q=0.1,es-CL;q=0.1,fy;q=0.1,he;q=0.1,el;q=0.1,haw;q=0.1,sd;q=0.1,hu;q=0.1,su;q=0.1,hy;q=0.1,it;q=0.1,it-CH;q=0.1,it-IT;q=0.1,yi;q=0.1,hi;q=0.1,id;q=0.1,en-AU;q=0.1,en-CA;q=0.1,en-US;q=0.1,en-ZA;q=0.1,en-NZ;q=0.1,en-IN;q=0.1,en-GB;q=0.1,yo;q=0.1,vi;q=0.1,jv;q=0.1,ckb;q=0.1,zh-TW;q=0.1,zu;q=0.1,zh-HK;q=0.1',
  'accept-encoding' => 'gzip, deflate',
  'referer' => 'http://dscjall.diyunkeji.com/admin.html',
  'user-agent' => 'Mozilla/5.0 (Windows NT 10.0; Win64; x64) AppleWebKit/537.36 (KHTML, like Gecko) Chrome/77.0.3865.90 Safari/537.36',
  'x-requested-with' => 'XMLHttpRequest',
  'accept' => '*/*',
  'connection' => 'close',
  'host' => 'dscjall.diyunkeji.com',
)
[ info ] [ PARAM ] array (
  'spm' => 'm-43-44-45',
)
[ info ] [ DB ] INIT mysql
[ info ] [ DB ] INIT mysql
[ info ] [ VIEW ] D:\wwwroot\app.ddxx159.com\application\admin\view\member\index.html [ array (
  0 => 'classuri',
  1 => 'allmemberId',
  2 => 'title',
  3 => 'total',
  4 => 'list',
  5 => 'page',
) ]
---------------------------------------------------------------
[ 2019-09-30T18:02:33+08:00 ] 223.104.66.99 POST app.ddxx159.com/api/index/index
[运行时间：0.074522s] [吞吐率：13.42req/s] [内存消耗：1,664.79kb] [文件加载：59]
[ info ] [ LANG ] D:\wwwroot\app.ddxx159.com\thinkphp\lang\zh-cn.php
---------------------------------------------------------------
[ 2019-09-30T18:02:33+08:00 ] 223.104.66.99 POST app.ddxx159.com/api/index/index
[运行时间：0.013242s] [吞吐率：75.52req/s] [内存消耗：1,664.79kb] [文件加载：59]
[ info ] [ LANG ] D:\wwwroot\app.ddxx159.com\thinkphp\lang\zh-cn.php
---------------------------------------------------------------
[ 2019-09-30T18:02:34+08:00 ] 223.104.66.99 GET app.ddxx159.com/api/index/version?version=1.0.1
[运行时间：0.016945s] [吞吐率：59.01req/s] [内存消耗：1,665.68kb] [文件加载：59]
[ info ] [ LANG ] D:\wwwroot\app.ddxx159.com\thinkphp\lang\zh-cn.php
---------------------------------------------------------------
[ 2019-09-30T18:02:34+08:00 ] 223.104.66.99 POST app.ddxx159.com/api/user/index
[运行时间：0.016757s] [吞吐率：59.68req/s] [内存消耗：1,664.79kb] [文件加载：59]
[ info ] [ LANG ] D:\wwwroot\app.ddxx159.com\thinkphp\lang\zh-cn.php
---------------------------------------------------------------
[ 2019-09-30T18:02:34+08:00 ] 223.104.66.99 POST app.ddxx159.com/api/user/index
[运行时间：0.016890s] [吞吐率：59.21req/s] [内存消耗：1,664.79kb] [文件加载：59]
[ info ] [ LANG ] D:\wwwroot\app.ddxx159.com\thinkphp\lang\zh-cn.php
---------------------------------------------------------------
[ 2019-09-30T18:02:41+08:00 ] 223.104.66.99 POST app.ddxx159.com/api/login/sms
[运行时间：0.013722s] [吞吐率：72.87req/s] [内存消耗：1,664.77kb] [文件加载：59]
[ info ] [ LANG ] D:\wwwroot\app.ddxx159.com\thinkphp\lang\zh-cn.php
